\BOOKMARK [0][-]{chapter*.2}{\376\377\122\115\212\000}{}% 1
\BOOKMARK [0][-]{chapter.1}{\376\377\201\352\161\066\145\160}{}% 2
\BOOKMARK [1][-]{section.1.1}{\376\377\117\140\213\244\116\072\166\204\201\352\161\066\145\160}{chapter.1}% 3
\BOOKMARK [1][-]{section.1.2}{\376\377\121\215\213\244\213\306\201\352\161\066\145\160}{chapter.1}% 4
\BOOKMARK [2][-]{subsection.1.2.1}{\376\377\116\316\124\352\137\000\131\313\145\160}{section.1.2}% 5
\BOOKMARK [2][-]{subsection.1.2.2}{\376\377\145\160\133\146\213\355\212\000}{section.1.2}% 6
\BOOKMARK [2][-]{subsection.1.2.3}{\376\377\142\021\117\032\145\160\145\160\116\206}{section.1.2}% 7
\BOOKMARK [2][-]{subsection.1.2.4}{\376\377\121\110\130\153\116\000\116\052\127\121}{section.1.2}% 8
\BOOKMARK [2][-]{subsection.1.2.5}{\376\377\121\215\130\153\116\000\116\052\127\121}{section.1.2}% 9
\BOOKMARK [2][-]{subsection.1.2.6}{\376\377\130\153\147\000\124\016\166\204\127\121}{section.1.2}% 10
\BOOKMARK [1][-]{section.1.3}{\376\377\147\011\215\243\166\204\201\352\161\066\145\160}{chapter.1}% 11
\BOOKMARK [2][-]{subsection.1.3.1}{\376\377\142\021\117\032\122\240\154\325\060\001\116\130\154\325\116\206}{section.1.3}% 12
\BOOKMARK [2][-]{subsection.1.3.2}{\376\377\116\000\150\067\377\014\131\032\116\206\377\014\134\021\116\206\377\037}{section.1.3}% 13
\BOOKMARK [2][-]{subsection.1.3.3}{\376\377\145\160\116\000\145\160\377\014\167\013\214\001\131\032}{section.1.3}% 14
\BOOKMARK [0][-]{chapter.2}{\376\377\123\357\123\125\117\115\136\246\221\317\166\204\145\160}{}% 15
\BOOKMARK [1][-]{section.2.1}{\376\377\215\037\145\160}{chapter.2}% 16
\BOOKMARK [2][-]{subsection.2.1.1}{\376\377\133\232\116\111\145\164\145\160}{section.2.1}% 17
\BOOKMARK [2][-]{subsection.2.1.2}{\376\377\145\164\145\160\166\204\122\240\154\325\124\214\116\130\154\325}{section.2.1}% 18
\BOOKMARK [2][-]{subsection.2.1.3}{\376\377\153\324\131\047\134\017\377\014\214\001\146\364\131\032}{section.2.1}% 19
\BOOKMARK [1][-]{section.2.2}{\376\377\153\324\117\213\145\160}{chapter.2}% 20
\BOOKMARK [2][-]{subsection.2.2.1}{\376\377\153\324\117\213\145\160}{section.2.2}% 21
\BOOKMARK [2][-]{subsection.2.2.2}{\376\377\145\160\116\000\145\160\153\324\117\213\145\160}{section.2.2}% 22
\BOOKMARK [2][-]{subsection.2.2.3}{\376\377\145\160\221\317\142\030\200\334\215\050\221\317}{section.2.2}% 23
\BOOKMARK [2][-]{subsection.2.2.4}{\376\377\217\336\122\006\145\160}{section.2.2}% 24
\BOOKMARK [0][-]{chapter.3}{\376\377\133\236\145\160}{}% 25
\BOOKMARK [1][-]{subsection.3.0.1}{\376\377\123\321\163\260\145\340\164\006\145\160}{chapter.3}% 26
\BOOKMARK [2][-]{subsection.3.0.2}{\376\377\142\064\137\267\221\321\122\006\122\162}{subsection.3.0.1}% 27
\BOOKMARK [2][-]{subsection.3.0.3}{\376\377\147\011\165\114\133\236\145\160\226\306\166\204\170\156\165\114}{subsection.3.0.1}% 28
\BOOKMARK [2][-]{subsection.3.0.4}{\376\377\133\236\145\160\166\204\126\333\122\031\217\320\173\227}{subsection.3.0.1}% 29
\BOOKMARK [0][-]{chapter.4}{\376\377\147\201\226\120\124\214\176\247\145\160}{}% 30
\BOOKMARK [1][-]{subsection.4.0.1}{\376\377\145\160\122\027\166\204\147\201\226\120}{chapter.4}% 31
\BOOKMARK [2][-]{subsection.4.0.2}{\376\377\147\201\226\120\166\204\127\372\170\100\124\214\142\151\134\125}{subsection.4.0.1}% 32
\BOOKMARK [0][-]{chapter.5}{\376\377\171\357\122\006}{}% 33
\BOOKMARK [0][-]{chapter.6}{\376\377\143\250\133\374\232\330\116\055\137\256\122\006\145\271\172\013}{}% 34
