This is pdfTeX, Version 3.141592653-2.6-1.40.27 (TeX Live 2025) (preloaded format=pdflatex 2025.6.18)  3 DEC 2025 16:53
entering extended mode
 restricted \write18 enabled.
 %&-line parsing enabled.
**main.tex
(./main.tex
LaTeX2e <2024-11-01> patch level 2
L3 programming layer <2025-01-18>
(d:/Program Files/texlive/2025/texmf-dist/tex/latex/base/book.cls
Document Class: book 2024/06/29 v1.4n Standard LaTeX document class
(d:/Program Files/texlive/2025/texmf-dist/tex/latex/base/bk12.clo
File: bk12.clo 2024/06/29 v1.4n Standard LaTeX file (size option)
)
\c@part=\count196
\c@chapter=\count197
\c@section=\count198
\c@subsection=\count199
\c@subsubsection=\count266
\c@paragraph=\count267
\c@subparagraph=\count268
\c@figure=\count269
\c@table=\count270
\abovecaptionskip=\skip49
\belowcaptionskip=\skip50
\bibindent=\dimen141
)
(d:/Program Files/texlive/2025/texmf-dist/tex/latex/base/inputenc.sty
Package: inputenc 2024/02/08 v1.3d Input encoding file
\inpenc@prehook=\toks17
\inpenc@posthook=\toks18
)
(d:/Program Files/texlive/2025/texmf-dist/tex/latex/graphics/graphicx.sty
Package: graphicx 2021/09/16 v1.2d Enhanced LaTeX Graphics (DPC,SPQR)

(d:/Program Files/texlive/2025/texmf-dist/tex/latex/graphics/keyval.sty
Package: keyval 2022/05/29 v1.15 key=value parser (DPC)
\KV@toks@=\toks19
)
(d:/Program Files/texlive/2025/texmf-dist/tex/latex/graphics/graphics.sty
Package: graphics 2024/08/06 v1.4g Standard LaTeX Graphics (DPC,SPQR)

(d:/Program Files/texlive/2025/texmf-dist/tex/latex/graphics/trig.sty
Package: trig 2023/12/02 v1.11 sin cos tan (DPC)
)
(d:/Program Files/texlive/2025/texmf-dist/tex/latex/graphics-cfg/graphics.cfg
File: graphics.cfg 2016/06/04 v1.11 sample graphics configuration
)
Package graphics Info: Driver file: pdftex.def on input line 106.

(d:/Program Files/texlive/2025/texmf-dist/tex/latex/graphics-def/pdftex.def
File: pdftex.def 2024/04/13 v1.2c Graphics/color driver for pdftex
))
\Gin@req@height=\dimen142
\Gin@req@width=\dimen143
)
(d:/Program Files/texlive/2025/texmf-dist/tex/latex/ctex/ctex.sty
(d:/Program Files/texlive/2025/texmf-dist/tex/latex/l3kernel/expl3.sty
Package: expl3 2025-01-18 L3 programming layer (loader) 

(d:/Program Files/texlive/2025/texmf-dist/tex/latex/l3backend/l3backend-pdftex.
def
File: l3backend-pdftex.def 2024-05-08 L3 backend support: PDF output (pdfTeX)
\l__color_backend_stack_int=\count271
\l__pdf_internal_box=\box52
))
Package: ctex 2022/07/14 v2.5.10 Chinese adapter in LaTeX (CTEX)
 (d:/Program Files/texlive/2025/texmf-dist/tex/latex/ctex/ctexhook.sty
Package: ctexhook 2022/07/14 v2.5.10 Document and package hooks (CTEX)
)
(d:/Program Files/texlive/2025/texmf-dist/tex/latex/ctex/ctexpatch.sty
Package: ctexpatch 2022/07/14 v2.5.10 Patching commands (CTEX)
)
(d:/Program Files/texlive/2025/texmf-dist/tex/latex/base/fix-cm.sty
Package: fix-cm 2020/11/24 v1.1t fixes to LaTeX

(d:/Program Files/texlive/2025/texmf-dist/tex/latex/base/ts1enc.def
File: ts1enc.def 2001/06/05 v3.0e (jk/car/fm) Standard LaTeX file
LaTeX Font Info:    Redeclaring font encoding TS1 on input line 47.
))
\l__ctex_tmp_int=\count272
\l__ctex_tmp_box=\box53
\l__ctex_tmp_dim=\dimen144
\g__ctex_section_depth_int=\count273
\g__ctex_font_size_int=\count274

(d:/Program Files/texlive/2025/texmf-dist/tex/latex/ctex/config/ctexopts.cfg
File: ctexopts.cfg 2022/07/14 v2.5.10 Option configuration file (CTEX)
)

Package ctex Warning: UTF8 will be used as the default encoding.


(d:/Program Files/texlive/2025/texmf-dist/tex/latex/ctex/engine/ctex-engine-pdf
tex.def
File: ctex-engine-pdftex.def 2022/07/14 v2.5.10 (pdf)LaTeX adapter (CTEX)

(d:/Program Files/texlive/2025/texmf-dist/tex/latex/cjk/texinput/CJKutf8.sty
Package: CJKutf8 2021/10/16 4.8.5

(d:/Program Files/texlive/2025/texmf-dist/tex/generic/iftex/ifpdf.sty
Package: ifpdf 2019/10/25 v3.4 ifpdf legacy package. Use iftex instead.

(d:/Program Files/texlive/2025/texmf-dist/tex/generic/iftex/iftex.sty
Package: iftex 2024/12/12 v1.0g TeX engine tests
))
(d:/Program Files/texlive/2025/texmf-dist/tex/latex/cjk/texinput/CJK.sty
Package: CJK 2021/10/16 4.8.5

(d:/Program Files/texlive/2025/texmf-dist/tex/latex/cjk/texinput/mule/MULEenc.s
ty
Package: MULEenc 2021/10/16 4.8.5
) (d:/Program Files/texlive/2025/texmf-dist/tex/latex/cjk/texinput/CJK.enc
File: CJK.enc 2021/10/16 4.8.5
Now handling font encoding C00 ...
... no UTF-8 mapping file for font encoding C00
Now handling font encoding C05 ...
... no UTF-8 mapping file for font encoding C05
Now handling font encoding C09 ...
... no UTF-8 mapping file for font encoding C09
Now handling font encoding C10 ...
... no UTF-8 mapping file for font encoding C10
Now handling font encoding C20 ...
... no UTF-8 mapping file for font encoding C20
Now handling font encoding C19 ...
... no UTF-8 mapping file for font encoding C19
Now handling font encoding C40 ...
... no UTF-8 mapping file for font encoding C40
Now handling font encoding C42 ...
... no UTF-8 mapping file for font encoding C42
Now handling font encoding C43 ...
... no UTF-8 mapping file for font encoding C43
Now handling font encoding C50 ...
... no UTF-8 mapping file for font encoding C50
Now handling font encoding C52 ...
... no UTF-8 mapping file for font encoding C52
Now handling font encoding C49 ...
... no UTF-8 mapping file for font encoding C49
Now handling font encoding C60 ...
... no UTF-8 mapping file for font encoding C60
Now handling font encoding C61 ...
... no UTF-8 mapping file for font encoding C61
Now handling font encoding C63 ...
... no UTF-8 mapping file for font encoding C63
Now handling font encoding C64 ...
... no UTF-8 mapping file for font encoding C64
Now handling font encoding C65 ...
... no UTF-8 mapping file for font encoding C65
Now handling font encoding C70 ...
... no UTF-8 mapping file for font encoding C70
Now handling font encoding C31 ...
... no UTF-8 mapping file for font encoding C31
Now handling font encoding C32 ...
... no UTF-8 mapping file for font encoding C32
Now handling font encoding C33 ...
... no UTF-8 mapping file for font encoding C33
Now handling font encoding C34 ...
... no UTF-8 mapping file for font encoding C34
Now handling font encoding C35 ...
... no UTF-8 mapping file for font encoding C35
Now handling font encoding C36 ...
... no UTF-8 mapping file for font encoding C36
Now handling font encoding C37 ...
... no UTF-8 mapping file for font encoding C37
Now handling font encoding C80 ...
... no UTF-8 mapping file for font encoding C80
Now handling font encoding C81 ...
... no UTF-8 mapping file for font encoding C81
Now handling font encoding C01 ...
... no UTF-8 mapping file for font encoding C01
Now handling font encoding C11 ...
... no UTF-8 mapping file for font encoding C11
Now handling font encoding C21 ...
... no UTF-8 mapping file for font encoding C21
Now handling font encoding C41 ...
... no UTF-8 mapping file for font encoding C41
Now handling font encoding C62 ...
... no UTF-8 mapping file for font encoding C62
)
\CJK@indent=\box54
)
(d:/Program Files/texlive/2025/texmf-dist/tex/latex/base/fontenc.sty
Package: fontenc 2021/04/29 v2.0v Standard LaTeX package
))
(d:/Program Files/texlive/2025/texmf-dist/tex/latex/cjkpunct/CJKpunct.sty
Package: CJKpunct 2016/05/14 4.8.4
\CJKpunct@cnta=\count275
\CJKpunct@cntb=\count276
\CJKpunct@cntc=\count277
\CJKpunct@cntd=\count278
\CJKpunct@cnte=\count279
   defining Unicode char U+2018 (decimal 8216)
   defining Unicode char U+2019 (decimal 8217)
   defining Unicode char U+201C (decimal 8220)
   defining Unicode char U+201D (decimal 8221)
   defining Unicode char U+2014 (decimal 8212)
   defining Unicode char U+2026 (decimal 8230)

(d:/Program Files/texlive/2025/texmf-dist/tex/latex/cjkpunct/CJKpunct.spa))
(d:/Program Files/texlive/2025/texmf-dist/tex/latex/cjk/texinput/CJKspace.sty
Package: CJKspace 2021/10/16 3.8.0
)
(d:/Program Files/texlive/2025/texmf-dist/tex/latex/cjk/texinput/UTF8/UTF8.bdg
File: UTF8.bdg 2021/10/16 4.8.5
) (d:/Program Files/texlive/2025/texmf-dist/tex/latex/ctex/ctexspa.def
File: ctexspa.def 2022/07/14 v2.5.10 Space info for CJKpunct (CTEX)
)
\ccwd=\dimen145
\l__ctex_ccglue_skip=\skip51
)
\l__ctex_ziju_dim=\dimen146

(d:/Program Files/texlive/2025/texmf-dist/tex/latex/zhnumber/zhnumber.sty
Package: zhnumber 2022/07/14 v3.0 Typesetting numbers with Chinese glyphs
\l__zhnum_scale_int=\count280
\l__zhnum_tmp_int=\count281

(d:/Program Files/texlive/2025/texmf-dist/tex/latex/zhnumber/zhnumber-utf8.cfg
File: zhnumber-utf8.cfg 2022/07/14 v3.0 Chinese numerals with UTF8 encoding
))
(d:/Program Files/texlive/2025/texmf-dist/tex/latex/ctex/scheme/ctex-scheme-chi
nese.def
File: ctex-scheme-chinese.def 2022/07/14 v2.5.10 Chinese scheme for generic (CT
EX)

(d:/Program Files/texlive/2025/texmf-dist/tex/latex/ctex/config/ctex-name-utf8.
cfg
File: ctex-name-utf8.cfg 2022/07/14 v2.5.10 Caption with encoding UTF-8 (CTEX)
)) (d:/Program Files/texlive/2025/texmf-dist/tex/latex/tools/indentfirst.sty
Package: indentfirst 2023/07/02 v1.03 Indent first paragraph (DPC)
)
(d:/Program Files/texlive/2025/texmf-dist/tex/latex/ctex/fontset/ctex-fontset-w
indows.def
File: ctex-fontset-windows.def 2022/07/14 v2.5.10 Windows fonts definition (CTE
X)
))
(d:/Program Files/texlive/2025/texmf-dist/tex/latex/ctex/config/ctex.cfg
File: ctex.cfg 2022/07/14 v2.5.10 Configuration file (CTEX)
)
(d:/Program Files/texlive/2025/texmf-dist/tex/latex/tcolorbox/tcolorbox.sty
Package: tcolorbox 2024/10/22 version 6.4.1 text color boxes

(d:/Program Files/texlive/2025/texmf-dist/tex/latex/pgf/frontendlayer/tikz.sty
(d:/Program Files/texlive/2025/texmf-dist/tex/latex/pgf/basiclayer/pgf.sty
(d:/Program Files/texlive/2025/texmf-dist/tex/latex/pgf/utilities/pgfrcs.sty
(d:/Program Files/texlive/2025/texmf-dist/tex/generic/pgf/utilities/pgfutil-com
mon.tex
\pgfutil@everybye=\toks20
\pgfutil@tempdima=\dimen147
\pgfutil@tempdimb=\dimen148
)
(d:/Program Files/texlive/2025/texmf-dist/tex/generic/pgf/utilities/pgfutil-lat
ex.def
\pgfutil@abb=\box55
)
(d:/Program Files/texlive/2025/texmf-dist/tex/generic/pgf/utilities/pgfrcs.code
.tex (d:/Program Files/texlive/2025/texmf-dist/tex/generic/pgf/pgf.revision.tex
)
Package: pgfrcs 2023-01-15 v3.1.10 (3.1.10)
))
Package: pgf 2023-01-15 v3.1.10 (3.1.10)

(d:/Program Files/texlive/2025/texmf-dist/tex/latex/pgf/basiclayer/pgfcore.sty
(d:/Program Files/texlive/2025/texmf-dist/tex/latex/pgf/systemlayer/pgfsys.sty
(d:/Program Files/texlive/2025/texmf-dist/tex/generic/pgf/systemlayer/pgfsys.co
de.tex
Package: pgfsys 2023-01-15 v3.1.10 (3.1.10)

(d:/Program Files/texlive/2025/texmf-dist/tex/generic/pgf/utilities/pgfkeys.cod
e.tex
\pgfkeys@pathtoks=\toks21
\pgfkeys@temptoks=\toks22

(d:/Program Files/texlive/2025/texmf-dist/tex/generic/pgf/utilities/pgfkeyslibr
aryfiltered.code.tex
\pgfkeys@tmptoks=\toks23
))
\pgf@x=\dimen149
\pgf@y=\dimen150
\pgf@xa=\dimen151
\pgf@ya=\dimen152
\pgf@xb=\dimen153
\pgf@yb=\dimen154
\pgf@xc=\dimen155
\pgf@yc=\dimen156
\pgf@xd=\dimen157
\pgf@yd=\dimen158
\w@pgf@writea=\write3
\r@pgf@reada=\read2
\c@pgf@counta=\count282
\c@pgf@countb=\count283
\c@pgf@countc=\count284
\c@pgf@countd=\count285
\t@pgf@toka=\toks24
\t@pgf@tokb=\toks25
\t@pgf@tokc=\toks26
\pgf@sys@id@count=\count286

(d:/Program Files/texlive/2025/texmf-dist/tex/generic/pgf/systemlayer/pgf.cfg
File: pgf.cfg 2023-01-15 v3.1.10 (3.1.10)
)
Driver file for pgf: pgfsys-pdftex.def

(d:/Program Files/texlive/2025/texmf-dist/tex/generic/pgf/systemlayer/pgfsys-pd
ftex.def
File: pgfsys-pdftex.def 2023-01-15 v3.1.10 (3.1.10)

(d:/Program Files/texlive/2025/texmf-dist/tex/generic/pgf/systemlayer/pgfsys-co
mmon-pdf.def
File: pgfsys-common-pdf.def 2023-01-15 v3.1.10 (3.1.10)
)))
(d:/Program Files/texlive/2025/texmf-dist/tex/generic/pgf/systemlayer/pgfsyssof
tpath.code.tex
File: pgfsyssoftpath.code.tex 2023-01-15 v3.1.10 (3.1.10)
\pgfsyssoftpath@smallbuffer@items=\count287
\pgfsyssoftpath@bigbuffer@items=\count288
)
(d:/Program Files/texlive/2025/texmf-dist/tex/generic/pgf/systemlayer/pgfsyspro
tocol.code.tex
File: pgfsysprotocol.code.tex 2023-01-15 v3.1.10 (3.1.10)
))
(d:/Program Files/texlive/2025/texmf-dist/tex/latex/xcolor/xcolor.sty
Package: xcolor 2024/09/29 v3.02 LaTeX color extensions (UK)

(d:/Program Files/texlive/2025/texmf-dist/tex/latex/graphics-cfg/color.cfg
File: color.cfg 2016/01/02 v1.6 sample color configuration
)
Package xcolor Info: Driver file: pdftex.def on input line 274.

(d:/Program Files/texlive/2025/texmf-dist/tex/latex/graphics/mathcolor.ltx)
Package xcolor Info: Model `cmy' substituted by `cmy0' on input line 1349.
Package xcolor Info: Model `hsb' substituted by `rgb' on input line 1353.
Package xcolor Info: Model `RGB' extended on input line 1365.
Package xcolor Info: Model `HTML' substituted by `rgb' on input line 1367.
Package xcolor Info: Model `Hsb' substituted by `hsb' on input line 1368.
Package xcolor Info: Model `tHsb' substituted by `hsb' on input line 1369.
Package xcolor Info: Model `HSB' substituted by `hsb' on input line 1370.
Package xcolor Info: Model `Gray' substituted by `gray' on input line 1371.
Package xcolor Info: Model `wave' substituted by `hsb' on input line 1372.
)
(d:/Program Files/texlive/2025/texmf-dist/tex/generic/pgf/basiclayer/pgfcore.co
de.tex
Package: pgfcore 2023-01-15 v3.1.10 (3.1.10)

(d:/Program Files/texlive/2025/texmf-dist/tex/generic/pgf/math/pgfmath.code.tex

(d:/Program Files/texlive/2025/texmf-dist/tex/generic/pgf/math/pgfmathutil.code
.tex)
(d:/Program Files/texlive/2025/texmf-dist/tex/generic/pgf/math/pgfmathparser.co
de.tex
\pgfmath@dimen=\dimen159
\pgfmath@count=\count289
\pgfmath@box=\box56
\pgfmath@toks=\toks27
\pgfmath@stack@operand=\toks28
\pgfmath@stack@operation=\toks29
)
(d:/Program Files/texlive/2025/texmf-dist/tex/generic/pgf/math/pgfmathfunctions
.code.tex)
(d:/Program Files/texlive/2025/texmf-dist/tex/generic/pgf/math/pgfmathfunctions
.basic.code.tex)
(d:/Program Files/texlive/2025/texmf-dist/tex/generic/pgf/math/pgfmathfunctions
.trigonometric.code.tex)
(d:/Program Files/texlive/2025/texmf-dist/tex/generic/pgf/math/pgfmathfunctions
.random.code.tex)
(d:/Program Files/texlive/2025/texmf-dist/tex/generic/pgf/math/pgfmathfunctions
.comparison.code.tex)
(d:/Program Files/texlive/2025/texmf-dist/tex/generic/pgf/math/pgfmathfunctions
.base.code.tex)
(d:/Program Files/texlive/2025/texmf-dist/tex/generic/pgf/math/pgfmathfunctions
.round.code.tex)
(d:/Program Files/texlive/2025/texmf-dist/tex/generic/pgf/math/pgfmathfunctions
.misc.code.tex)
(d:/Program Files/texlive/2025/texmf-dist/tex/generic/pgf/math/pgfmathfunctions
.integerarithmetics.code.tex)
(d:/Program Files/texlive/2025/texmf-dist/tex/generic/pgf/math/pgfmathcalc.code
.tex)
(d:/Program Files/texlive/2025/texmf-dist/tex/generic/pgf/math/pgfmathfloat.cod
e.tex
\c@pgfmathroundto@lastzeros=\count290
))
(d:/Program Files/texlive/2025/texmf-dist/tex/generic/pgf/math/pgfint.code.tex)

(d:/Program Files/texlive/2025/texmf-dist/tex/generic/pgf/basiclayer/pgfcorepoi
nts.code.tex
File: pgfcorepoints.code.tex 2023-01-15 v3.1.10 (3.1.10)
\pgf@picminx=\dimen160
\pgf@picmaxx=\dimen161
\pgf@picminy=\dimen162
\pgf@picmaxy=\dimen163
\pgf@pathminx=\dimen164
\pgf@pathmaxx=\dimen165
\pgf@pathminy=\dimen166
\pgf@pathmaxy=\dimen167
\pgf@xx=\dimen168
\pgf@xy=\dimen169
\pgf@yx=\dimen170
\pgf@yy=\dimen171
\pgf@zx=\dimen172
\pgf@zy=\dimen173
)
(d:/Program Files/texlive/2025/texmf-dist/tex/generic/pgf/basiclayer/pgfcorepat
hconstruct.code.tex
File: pgfcorepathconstruct.code.tex 2023-01-15 v3.1.10 (3.1.10)
\pgf@path@lastx=\dimen174
\pgf@path@lasty=\dimen175
)
(d:/Program Files/texlive/2025/texmf-dist/tex/generic/pgf/basiclayer/pgfcorepat
husage.code.tex
File: pgfcorepathusage.code.tex 2023-01-15 v3.1.10 (3.1.10)
\pgf@shorten@end@additional=\dimen176
\pgf@shorten@start@additional=\dimen177
)
(d:/Program Files/texlive/2025/texmf-dist/tex/generic/pgf/basiclayer/pgfcoresco
pes.code.tex
File: pgfcorescopes.code.tex 2023-01-15 v3.1.10 (3.1.10)
\pgfpic=\box57
\pgf@hbox=\box58
\pgf@layerbox@main=\box59
\pgf@picture@serial@count=\count291
)
(d:/Program Files/texlive/2025/texmf-dist/tex/generic/pgf/basiclayer/pgfcoregra
phicstate.code.tex
File: pgfcoregraphicstate.code.tex 2023-01-15 v3.1.10 (3.1.10)
\pgflinewidth=\dimen178
)
(d:/Program Files/texlive/2025/texmf-dist/tex/generic/pgf/basiclayer/pgfcoretra
nsformations.code.tex
File: pgfcoretransformations.code.tex 2023-01-15 v3.1.10 (3.1.10)
\pgf@pt@x=\dimen179
\pgf@pt@y=\dimen180
\pgf@pt@temp=\dimen181
)
(d:/Program Files/texlive/2025/texmf-dist/tex/generic/pgf/basiclayer/pgfcorequi
ck.code.tex
File: pgfcorequick.code.tex 2023-01-15 v3.1.10 (3.1.10)
)
(d:/Program Files/texlive/2025/texmf-dist/tex/generic/pgf/basiclayer/pgfcoreobj
ects.code.tex
File: pgfcoreobjects.code.tex 2023-01-15 v3.1.10 (3.1.10)
)
(d:/Program Files/texlive/2025/texmf-dist/tex/generic/pgf/basiclayer/pgfcorepat
hprocessing.code.tex
File: pgfcorepathprocessing.code.tex 2023-01-15 v3.1.10 (3.1.10)
)
(d:/Program Files/texlive/2025/texmf-dist/tex/generic/pgf/basiclayer/pgfcorearr
ows.code.tex
File: pgfcorearrows.code.tex 2023-01-15 v3.1.10 (3.1.10)
\pgfarrowsep=\dimen182
)
(d:/Program Files/texlive/2025/texmf-dist/tex/generic/pgf/basiclayer/pgfcoresha
de.code.tex
File: pgfcoreshade.code.tex 2023-01-15 v3.1.10 (3.1.10)
\pgf@max=\dimen183
\pgf@sys@shading@range@num=\count292
\pgf@shadingcount=\count293
)
(d:/Program Files/texlive/2025/texmf-dist/tex/generic/pgf/basiclayer/pgfcoreima
ge.code.tex
File: pgfcoreimage.code.tex 2023-01-15 v3.1.10 (3.1.10)
)
(d:/Program Files/texlive/2025/texmf-dist/tex/generic/pgf/basiclayer/pgfcoreext
ernal.code.tex
File: pgfcoreexternal.code.tex 2023-01-15 v3.1.10 (3.1.10)
\pgfexternal@startupbox=\box60
)
(d:/Program Files/texlive/2025/texmf-dist/tex/generic/pgf/basiclayer/pgfcorelay
ers.code.tex
File: pgfcorelayers.code.tex 2023-01-15 v3.1.10 (3.1.10)
)
(d:/Program Files/texlive/2025/texmf-dist/tex/generic/pgf/basiclayer/pgfcoretra
nsparency.code.tex
File: pgfcoretransparency.code.tex 2023-01-15 v3.1.10 (3.1.10)
)
(d:/Program Files/texlive/2025/texmf-dist/tex/generic/pgf/basiclayer/pgfcorepat
terns.code.tex
File: pgfcorepatterns.code.tex 2023-01-15 v3.1.10 (3.1.10)
)
(d:/Program Files/texlive/2025/texmf-dist/tex/generic/pgf/basiclayer/pgfcorerdf
.code.tex
File: pgfcorerdf.code.tex 2023-01-15 v3.1.10 (3.1.10)
)))
(d:/Program Files/texlive/2025/texmf-dist/tex/generic/pgf/modules/pgfmoduleshap
es.code.tex
File: pgfmoduleshapes.code.tex 2023-01-15 v3.1.10 (3.1.10)
\pgfnodeparttextbox=\box61
)
(d:/Program Files/texlive/2025/texmf-dist/tex/generic/pgf/modules/pgfmoduleplot
.code.tex
File: pgfmoduleplot.code.tex 2023-01-15 v3.1.10 (3.1.10)
)
(d:/Program Files/texlive/2025/texmf-dist/tex/latex/pgf/compatibility/pgfcomp-v
ersion-0-65.sty
Package: pgfcomp-version-0-65 2023-01-15 v3.1.10 (3.1.10)
\pgf@nodesepstart=\dimen184
\pgf@nodesepend=\dimen185
)
(d:/Program Files/texlive/2025/texmf-dist/tex/latex/pgf/compatibility/pgfcomp-v
ersion-1-18.sty
Package: pgfcomp-version-1-18 2023-01-15 v3.1.10 (3.1.10)
))
(d:/Program Files/texlive/2025/texmf-dist/tex/latex/pgf/utilities/pgffor.sty
(d:/Program Files/texlive/2025/texmf-dist/tex/latex/pgf/utilities/pgfkeys.sty
(d:/Program Files/texlive/2025/texmf-dist/tex/generic/pgf/utilities/pgfkeys.cod
e.tex))
(d:/Program Files/texlive/2025/texmf-dist/tex/latex/pgf/math/pgfmath.sty
(d:/Program Files/texlive/2025/texmf-dist/tex/generic/pgf/math/pgfmath.code.tex
))
(d:/Program Files/texlive/2025/texmf-dist/tex/generic/pgf/utilities/pgffor.code
.tex
Package: pgffor 2023-01-15 v3.1.10 (3.1.10)
\pgffor@iter=\dimen186
\pgffor@skip=\dimen187
\pgffor@stack=\toks30
\pgffor@toks=\toks31
))
(d:/Program Files/texlive/2025/texmf-dist/tex/generic/pgf/frontendlayer/tikz/ti
kz.code.tex
Package: tikz 2023-01-15 v3.1.10 (3.1.10)

(d:/Program Files/texlive/2025/texmf-dist/tex/generic/pgf/libraries/pgflibraryp
lothandlers.code.tex
File: pgflibraryplothandlers.code.tex 2023-01-15 v3.1.10 (3.1.10)
\pgf@plot@mark@count=\count294
\pgfplotmarksize=\dimen188
)
\tikz@lastx=\dimen189
\tikz@lasty=\dimen190
\tikz@lastxsaved=\dimen191
\tikz@lastysaved=\dimen192
\tikz@lastmovetox=\dimen193
\tikz@lastmovetoy=\dimen194
\tikzleveldistance=\dimen195
\tikzsiblingdistance=\dimen196
\tikz@figbox=\box62
\tikz@figbox@bg=\box63
\tikz@tempbox=\box64
\tikz@tempbox@bg=\box65
\tikztreelevel=\count295
\tikznumberofchildren=\count296
\tikznumberofcurrentchild=\count297
\tikz@fig@count=\count298

(d:/Program Files/texlive/2025/texmf-dist/tex/generic/pgf/modules/pgfmodulematr
ix.code.tex
File: pgfmodulematrix.code.tex 2023-01-15 v3.1.10 (3.1.10)
\pgfmatrixcurrentrow=\count299
\pgfmatrixcurrentcolumn=\count300
\pgf@matrix@numberofcolumns=\count301
)
\tikz@expandcount=\count302

(d:/Program Files/texlive/2025/texmf-dist/tex/generic/pgf/frontendlayer/tikz/li
braries/tikzlibrarytopaths.code.tex
File: tikzlibrarytopaths.code.tex 2023-01-15 v3.1.10 (3.1.10)
)))
(d:/Program Files/texlive/2025/texmf-dist/tex/latex/tools/verbatim.sty
Package: verbatim 2024-01-22 v1.5x LaTeX2e package for verbatim enhancements
\every@verbatim=\toks32
\verbatim@line=\toks33
\verbatim@in@stream=\read3
)
(d:/Program Files/texlive/2025/texmf-dist/tex/latex/environ/environ.sty
Package: environ 2014/05/04 v0.3 A new way to define environments

(d:/Program Files/texlive/2025/texmf-dist/tex/latex/trimspaces/trimspaces.sty
Package: trimspaces 2009/09/17 v1.1 Trim spaces around a token list
)
\@envbody=\toks34
) (d:/Program Files/texlive/2025/texmf-dist/tex/latex/etoolbox/etoolbox.sty
Package: etoolbox 2025/02/11 v2.5l e-TeX tools for LaTeX (JAW)
\etb@tempcnta=\count303
)
\tcb@titlebox=\box66
\tcb@upperbox=\box67
\tcb@lowerbox=\box68
\tcb@phantombox=\box69
\c@tcbbreakpart=\count304
\c@tcblayer=\count305
\c@tcolorbox@number=\count306
\l__tcobox_tmpa_box=\box70
\l__tcobox_tmpa_dim=\dimen197
\tcb@temp=\box71
\tcb@temp=\box72
\tcb@temp=\box73
\tcb@temp=\box74
)
(d:/Program Files/texlive/2025/texmf-dist/tex/latex/enumitem/enumitem.sty
Package: enumitem 2025/02/06 v3.11 Customized lists
\labelindent=\skip52
\enit@outerparindent=\dimen198
\enit@toks=\toks35
\enit@inbox=\box75
\enit@count@id=\count307
\enitdp@description=\count308
)
(d:/Program Files/texlive/2025/texmf-dist/tex/latex/amsmath/amsmath.sty
Package: amsmath 2024/11/05 v2.17t AMS math features
\@mathmargin=\skip53

For additional information on amsmath, use the `?' option.
(d:/Program Files/texlive/2025/texmf-dist/tex/latex/amsmath/amstext.sty
Package: amstext 2021/08/26 v2.01 AMS text

(d:/Program Files/texlive/2025/texmf-dist/tex/latex/amsmath/amsgen.sty
File: amsgen.sty 1999/11/30 v2.0 generic functions
\@emptytoks=\toks36
\ex@=\dimen199
))
(d:/Program Files/texlive/2025/texmf-dist/tex/latex/amsmath/amsbsy.sty
Package: amsbsy 1999/11/29 v1.2d Bold Symbols
\pmbraise@=\dimen256
)
(d:/Program Files/texlive/2025/texmf-dist/tex/latex/amsmath/amsopn.sty
Package: amsopn 2022/04/08 v2.04 operator names
)
\inf@bad=\count309
LaTeX Info: Redefining \frac on input line 233.
\uproot@=\count310
\leftroot@=\count311
LaTeX Info: Redefining \overline on input line 398.
LaTeX Info: Redefining \colon on input line 409.
\classnum@=\count312
\DOTSCASE@=\count313
LaTeX Info: Redefining \ldots on input line 495.
LaTeX Info: Redefining \dots on input line 498.
LaTeX Info: Redefining \cdots on input line 619.
\Mathstrutbox@=\box76
\strutbox@=\box77
LaTeX Info: Redefining \big on input line 721.
LaTeX Info: Redefining \Big on input line 722.
LaTeX Info: Redefining \bigg on input line 723.
LaTeX Info: Redefining \Bigg on input line 724.
\big@size=\dimen257
LaTeX Font Info:    Redeclaring font encoding OML on input line 742.
LaTeX Font Info:    Redeclaring font encoding OMS on input line 743.
\macc@depth=\count314
LaTeX Info: Redefining \bmod on input line 904.
LaTeX Info: Redefining \pmod on input line 909.
LaTeX Info: Redefining \smash on input line 939.
LaTeX Info: Redefining \relbar on input line 969.
LaTeX Info: Redefining \Relbar on input line 970.
\c@MaxMatrixCols=\count315
\dotsspace@=\muskip17
\c@parentequation=\count316
\dspbrk@lvl=\count317
\tag@help=\toks37
\row@=\count318
\column@=\count319
\maxfields@=\count320
\andhelp@=\toks38
\eqnshift@=\dimen258
\alignsep@=\dimen259
\tagshift@=\dimen260
\tagwidth@=\dimen261
\totwidth@=\dimen262
\lineht@=\dimen263
\@envbody=\toks39
\multlinegap=\skip54
\multlinetaggap=\skip55
\mathdisplay@stack=\toks40
LaTeX Info: Redefining \[ on input line 2953.
LaTeX Info: Redefining \] on input line 2954.
)
(d:/Program Files/texlive/2025/texmf-dist/tex/latex/amscls/amsthm.sty
Package: amsthm 2020/05/29 v2.20.6
\thm@style=\toks41
\thm@bodyfont=\toks42
\thm@headfont=\toks43
\thm@notefont=\toks44
\thm@headpunct=\toks45
\thm@preskip=\skip56
\thm@postskip=\skip57
\thm@headsep=\skip58
\dth@everypar=\toks46
)
(d:/Program Files/texlive/2025/texmf-dist/tex/latex/hyperref/hyperref.sty
Package: hyperref 2024-11-05 v7.01l Hypertext links for LaTeX

(d:/Program Files/texlive/2025/texmf-dist/tex/latex/kvsetkeys/kvsetkeys.sty
Package: kvsetkeys 2022-10-05 v1.19 Key value parser (HO)
)
(d:/Program Files/texlive/2025/texmf-dist/tex/generic/kvdefinekeys/kvdefinekeys
.sty
Package: kvdefinekeys 2019-12-19 v1.6 Define keys (HO)
)
(d:/Program Files/texlive/2025/texmf-dist/tex/generic/pdfescape/pdfescape.sty
Package: pdfescape 2019/12/09 v1.15 Implements pdfTeX's escape features (HO)

(d:/Program Files/texlive/2025/texmf-dist/tex/generic/ltxcmds/ltxcmds.sty
Package: ltxcmds 2023-12-04 v1.26 LaTeX kernel commands for general use (HO)
)
(d:/Program Files/texlive/2025/texmf-dist/tex/generic/pdftexcmds/pdftexcmds.sty
Package: pdftexcmds 2020-06-27 v0.33 Utility functions of pdfTeX for LuaTeX (HO
)
(d:/Program Files/texlive/2025/texmf-dist/tex/generic/infwarerr/infwarerr.sty
Package: infwarerr 2019/12/03 v1.5 Providing info/warning/error messages (HO)
)
Package pdftexcmds Info: \pdf@primitive is available.
Package pdftexcmds Info: \pdf@ifprimitive is available.
Package pdftexcmds Info: \pdfdraftmode found.
)) (d:/Program Files/texlive/2025/texmf-dist/tex/latex/hycolor/hycolor.sty
Package: hycolor 2020-01-27 v1.10 Color options for hyperref/bookmark (HO)
)
(d:/Program Files/texlive/2025/texmf-dist/tex/latex/hyperref/nameref.sty
Package: nameref 2023-11-26 v2.56 Cross-referencing by name of section

(d:/Program Files/texlive/2025/texmf-dist/tex/latex/refcount/refcount.sty
Package: refcount 2019/12/15 v3.6 Data extraction from label references (HO)
)
(d:/Program Files/texlive/2025/texmf-dist/tex/generic/gettitlestring/gettitlest
ring.sty
Package: gettitlestring 2019/12/15 v1.6 Cleanup title references (HO)

(d:/Program Files/texlive/2025/texmf-dist/tex/latex/kvoptions/kvoptions.sty
Package: kvoptions 2022-06-15 v3.15 Key value format for package options (HO)
))
\c@section@level=\count321
)
(d:/Program Files/texlive/2025/texmf-dist/tex/generic/stringenc/stringenc.sty
Package: stringenc 2019/11/29 v1.12 Convert strings between diff. encodings (HO
)
)
\@linkdim=\dimen264
\Hy@linkcounter=\count322
\Hy@pagecounter=\count323

(d:/Program Files/texlive/2025/texmf-dist/tex/latex/hyperref/pd1enc.def
File: pd1enc.def 2024-11-05 v7.01l Hyperref: PDFDocEncoding definition (HO)
Now handling font encoding PD1 ...
... no UTF-8 mapping file for font encoding PD1
)
(d:/Program Files/texlive/2025/texmf-dist/tex/generic/intcalc/intcalc.sty
Package: intcalc 2019/12/15 v1.3 Expandable calculations with integers (HO)
)
\Hy@SavedSpaceFactor=\count324

(d:/Program Files/texlive/2025/texmf-dist/tex/latex/hyperref/puenc.def
File: puenc.def 2024-11-05 v7.01l Hyperref: PDF Unicode definition (HO)
Now handling font encoding PU ...
... no UTF-8 mapping file for font encoding PU
)
Package hyperref Info: Option `unicode' set `true' on input line 4040.
Package hyperref Info: Hyper figures OFF on input line 4157.
Package hyperref Info: Link nesting OFF on input line 4162.
Package hyperref Info: Hyper index ON on input line 4165.
Package hyperref Info: Plain pages OFF on input line 4172.
Package hyperref Info: Backreferencing OFF on input line 4177.
Package hyperref Info: Implicit mode ON; LaTeX internals redefined.
Package hyperref Info: Bookmarks ON on input line 4424.
\c@Hy@tempcnt=\count325

(d:/Program Files/texlive/2025/texmf-dist/tex/latex/url/url.sty
\Urlmuskip=\muskip18
Package: url 2013/09/16  ver 3.4  Verb mode for urls, etc.
)
LaTeX Info: Redefining \url on input line 4763.
\XeTeXLinkMargin=\dimen265

(d:/Program Files/texlive/2025/texmf-dist/tex/generic/bitset/bitset.sty
Package: bitset 2019/12/09 v1.3 Handle bit-vector datatype (HO)

(d:/Program Files/texlive/2025/texmf-dist/tex/generic/bigintcalc/bigintcalc.sty
Package: bigintcalc 2019/12/15 v1.5 Expandable calculations on big integers (HO
)
))
\Fld@menulength=\count326
\Field@Width=\dimen266
\Fld@charsize=\dimen267
Package hyperref Info: Hyper figures OFF on input line 6042.
Package hyperref Info: Link nesting OFF on input line 6047.
Package hyperref Info: Hyper index ON on input line 6050.
Package hyperref Info: backreferencing OFF on input line 6057.
Package hyperref Info: Link coloring OFF on input line 6062.
Package hyperref Info: Link coloring with OCG OFF on input line 6067.
Package hyperref Info: PDF/A mode OFF on input line 6072.
 (d:/Program Files/texlive/2025/texmf-dist/tex/latex/base/atbegshi-ltx.sty
Package: atbegshi-ltx 2021/01/10 v1.0c Emulation of the original atbegshi
package with kernel methods
)
\Hy@abspage=\count327
\c@Item=\count328
\c@Hfootnote=\count329
)
Package hyperref Info: Driver (autodetected): hpdftex.

(d:/Program Files/texlive/2025/texmf-dist/tex/latex/hyperref/hpdftex.def
File: hpdftex.def 2024-11-05 v7.01l Hyperref driver for pdfTeX

(d:/Program Files/texlive/2025/texmf-dist/tex/latex/base/atveryend-ltx.sty
Package: atveryend-ltx 2020/08/19 v1.0a Emulation of the original atveryend pac
kage
with kernel methods
)
\Fld@listcount=\count330
\c@bookmark@seq@number=\count331

(d:/Program Files/texlive/2025/texmf-dist/tex/latex/rerunfilecheck/rerunfileche
ck.sty
Package: rerunfilecheck 2022-07-10 v1.10 Rerun checks for auxiliary files (HO)

(d:/Program Files/texlive/2025/texmf-dist/tex/generic/uniquecounter/uniquecount
er.sty
Package: uniquecounter 2019/12/15 v1.4 Provide unlimited unique counter (HO)
)
Package uniquecounter Info: New unique counter `rerunfilecheck' on input line 2
85.
)
\Hy@SectionHShift=\skip59
)
(d:/Program Files/texlive/2025/texmf-dist/tex/latex/cleveref/cleveref.sty
Package: cleveref 2018/03/27 v0.21.4 Intelligent cross-referencing
Package cleveref Info: `hyperref' support loaded on input line 2370.
LaTeX Info: Redefining \cref on input line 2370.
LaTeX Info: Redefining \Cref on input line 2370.
LaTeX Info: Redefining \crefrange on input line 2370.
LaTeX Info: Redefining \Crefrange on input line 2370.
LaTeX Info: Redefining \cpageref on input line 2370.
LaTeX Info: Redefining \Cpageref on input line 2370.
LaTeX Info: Redefining \cpagerefrange on input line 2370.
LaTeX Info: Redefining \Cpagerefrange on input line 2370.
LaTeX Info: Redefining \labelcref on input line 2370.
LaTeX Info: Redefining \labelcpageref on input line 2370.
Package cleveref Info: `amsthm' support loaded on input line 3026.
)
(d:/Program Files/texlive/2025/texmf-dist/tex/latex/listings/listings.sty
\lst@mode=\count332
\lst@gtempboxa=\box78
\lst@token=\toks47
\lst@length=\count333
\lst@currlwidth=\dimen268
\lst@column=\count334
\lst@pos=\count335
\lst@lostspace=\dimen269
\lst@width=\dimen270
\lst@newlines=\count336
\lst@lineno=\count337
\lst@maxwidth=\dimen271

(d:/Program Files/texlive/2025/texmf-dist/tex/latex/listings/lstpatch.sty
File: lstpatch.sty 2024/09/23 1.10c (Carsten Heinz)
)
(d:/Program Files/texlive/2025/texmf-dist/tex/latex/listings/lstmisc.sty
File: lstmisc.sty 2024/09/23 1.10c (Carsten Heinz)
\c@lstnumber=\count338
\lst@skipnumbers=\count339
\lst@framebox=\box79
)
(d:/Program Files/texlive/2025/texmf-dist/tex/latex/listings/listings.cfg
File: listings.cfg 2024/09/23 1.10c listings configuration
))
Package: listings 2024/09/23 1.10c (Carsten Heinz)

(d:/Program Files/texlive/2025/texmf-dist/tex/latex/amsfonts/amsfonts.sty
Package: amsfonts 2013/01/14 v3.01 Basic AMSFonts support
\symAMSa=\mathgroup4
\symAMSb=\mathgroup5
LaTeX Font Info:    Redeclaring math symbol \hbar on input line 98.
LaTeX Font Info:    Overwriting math alphabet `\mathfrak' in version `bold'
(Font)                  U/euf/m/n --> U/euf/b/n on input line 106.
)
(d:/Program Files/texlive/2025/texmf-dist/tex/latex/booktabs/booktabs.sty
Package: booktabs 2020/01/12 v1.61803398 Publication quality tables
\heavyrulewidth=\dimen272
\lightrulewidth=\dimen273
\cmidrulewidth=\dimen274
\belowrulesep=\dimen275
\belowbottomsep=\dimen276
\aboverulesep=\dimen277
\abovetopsep=\dimen278
\cmidrulesep=\dimen279
\cmidrulekern=\dimen280
\defaultaddspace=\dimen281
\@cmidla=\count340
\@cmidlb=\count341
\@aboverulesep=\dimen282
\@belowrulesep=\dimen283
\@thisruleclass=\count342
\@lastruleclass=\count343
\@thisrulewidth=\dimen284
)
(d:/Program Files/texlive/2025/texmf-dist/tex/latex/mathtools/empheq.sty
Package: empheq 2024/08/09 v2.17 Emphasizing equations

(d:/Program Files/texlive/2025/texmf-dist/tex/latex/mathtools/mhsetup.sty
Package: mhsetup 2021/03/18 v1.4 programming setup (MH)
)
(d:/Program Files/texlive/2025/texmf-dist/tex/latex/mathtools/mathtools.sty
Package: mathtools 2024/10/04 v1.31 mathematical typesetting tools

(d:/Program Files/texlive/2025/texmf-dist/tex/latex/tools/calc.sty
Package: calc 2023/07/08 v4.3 Infix arithmetic (KKT,FJ)
\calc@Acount=\count344
\calc@Bcount=\count345
\calc@Adimen=\dimen285
\calc@Bdimen=\dimen286
\calc@Askip=\skip60
\calc@Bskip=\skip61
LaTeX Info: Redefining \setlength on input line 80.
LaTeX Info: Redefining \addtolength on input line 81.
\calc@Ccount=\count346
\calc@Cskip=\skip62
)
\g_MT_multlinerow_int=\count347
\l_MT_multwidth_dim=\dimen287
\origjot=\skip63
\l_MT_shortvdotswithinadjustabove_dim=\dimen288
\l_MT_shortvdotswithinadjustbelow_dim=\dimen289
\l_MT_above_intertext_sep=\dimen290
\l_MT_below_intertext_sep=\dimen291
\l_MT_above_shortintertext_sep=\dimen292
\l_MT_below_shortintertext_sep=\dimen293
\xmathstrut@box=\box80
\xmathstrut@dim=\dimen294
)
\l_EQ_equationtype_int=\count348
\l_EQ_alignmentmode_int=\count349
\l_EQ_totalwidth_dim=\dimen295
\l_EQ_displaywidth_dim=\dimen296
\l_EQ_temp_linewidth_dim=\dimen297
\l_EQ_linewidth_dim=\dimen298
\EmphEqdelimitershortfall=\dimen299
\EmphEqdelimiterfactor=\count350
\g_EQ_toptag_height_dim=\dimen300
\g_EQ_bottomtag_depth_dim=\dimen301
\g_EQ_toprow_height_dim=\dimen302
\g_EQ_bottomrow_depth_dim=\dimen303
\g_EQ_widesttag_dim=\dimen304
\EQ_mathdisplay_box=\box81
\EQ_tag_box=\box82
\g_EQ_temprow_int=\count351
)
(d:/Program Files/texlive/2025/texmf-dist/tex/latex/cancel/cancel.sty
Package: cancel 2013/04/12 v2.2 Cancel math terms
)
(d:/Program Files/texlive/2025/texmf-dist/tex/latex/float/float.sty
Package: float 2001/11/08 v1.3d Float enhancements (AL)
\c@float@type=\count352
\float@exts=\toks48
\float@box=\box83
\@float@everytoks=\toks49
\@floatcapt=\box84
)
(d:/Program Files/texlive/2025/texmf-dist/tex/latex/amsfonts/amssymb.sty
Package: amssymb 2013/01/14 v3.01 AMS font symbols
)
(d:/Program Files/texlive/2025/texmf-dist/tex/latex/frankenstein/dialogue.sty
Package: dialogue 1999/03/01 v1.1 dialogue environment (Frankenstein's mouth)

(d:/Program Files/texlive/2025/texmf-dist/tex/latex/frankenstein/blkcntrl.sty
Package: blkcntrl 2001/08/31 v1.2 block control

(d:/Program Files/texlive/2025/texmf-dist/tex/latex/frankenstein/moredefs.sty
Package: moredefs 2001/08/31 v1.8 more defining commands (Frankenstein's brain)

\sc@toks@a=\toks50
\sc@toks@b=\toks51
)
(d:/Program Files/texlive/2025/texmf-dist/tex/latex/relsize/relsize.sty
Package: relsize 2013/03/29 ver 4.1
)))
(d:/Program Files/texlive/2025/texmf-dist/tex/generic/ulem/ulem.sty
\UL@box=\box85
\UL@hyphenbox=\box86
\UL@skip=\skip64
\UL@hook=\toks52
\UL@height=\dimen305
\UL@pe=\count353
\UL@pixel=\dimen306
\ULC@box=\box87
Package: ulem 2019/11/18
\ULdepth=\dimen307
)
(d:/Program Files/texlive/2025/texmf-dist/tex/latex/mdframed/mdframed.sty
Package: mdframed 2013/07/01 1.9b: mdframed

(d:/Program Files/texlive/2025/texmf-dist/tex/latex/l3packages/xparse/xparse.st
y
Package: xparse 2024-08-16 L3 Experimental document command parser
) (d:/Program Files/texlive/2025/texmf-dist/tex/latex/zref/zref-abspage.sty
Package: zref-abspage 2023-09-14 v2.35 Module abspage for zref (HO)

(d:/Program Files/texlive/2025/texmf-dist/tex/latex/zref/zref-base.sty
Package: zref-base 2023-09-14 v2.35 Module base for zref (HO)

(d:/Program Files/texlive/2025/texmf-dist/tex/generic/etexcmds/etexcmds.sty
Package: etexcmds 2019/12/15 v1.7 Avoid name clashes with e-TeX commands (HO)
)
(d:/Program Files/texlive/2025/texmf-dist/tex/latex/auxhook/auxhook.sty
Package: auxhook 2019-12-17 v1.6 Hooks for auxiliary files (HO)
)
Package zref Info: New property list: main on input line 767.
Package zref Info: New property: default on input line 768.
Package zref Info: New property: page on input line 769.
)
\c@abspage=\count354
Package zref Info: New property: abspage on input line 67.
)
(d:/Program Files/texlive/2025/texmf-dist/tex/latex/needspace/needspace.sty
Package: needspace 2010/09/12 v1.3d reserve vertical space
)
\mdf@templength=\skip65
\c@mdf@globalstyle@cnt=\count355
\mdf@skipabove@length=\skip66
\mdf@skipbelow@length=\skip67
\mdf@leftmargin@length=\skip68
\mdf@rightmargin@length=\skip69
\mdf@innerleftmargin@length=\skip70
\mdf@innerrightmargin@length=\skip71
\mdf@innertopmargin@length=\skip72
\mdf@innerbottommargin@length=\skip73
\mdf@splittopskip@length=\skip74
\mdf@splitbottomskip@length=\skip75
\mdf@outermargin@length=\skip76
\mdf@innermargin@length=\skip77
\mdf@linewidth@length=\skip78
\mdf@innerlinewidth@length=\skip79
\mdf@middlelinewidth@length=\skip80
\mdf@outerlinewidth@length=\skip81
\mdf@roundcorner@length=\skip82
\mdf@footenotedistance@length=\skip83
\mdf@userdefinedwidth@length=\skip84
\mdf@needspace@length=\skip85
\mdf@frametitleaboveskip@length=\skip86
\mdf@frametitlebelowskip@length=\skip87
\mdf@frametitlerulewidth@length=\skip88
\mdf@frametitleleftmargin@length=\skip89
\mdf@frametitlerightmargin@length=\skip90
\mdf@shadowsize@length=\skip91
\mdf@extratopheight@length=\skip92
\mdf@subtitleabovelinewidth@length=\skip93
\mdf@subtitlebelowlinewidth@length=\skip94
\mdf@subtitleaboveskip@length=\skip95
\mdf@subtitlebelowskip@length=\skip96
\mdf@subtitleinneraboveskip@length=\skip97
\mdf@subtitleinnerbelowskip@length=\skip98
\mdf@subsubtitleabovelinewidth@length=\skip99
\mdf@subsubtitlebelowlinewidth@length=\skip100
\mdf@subsubtitleaboveskip@length=\skip101
\mdf@subsubtitlebelowskip@length=\skip102
\mdf@subsubtitleinneraboveskip@length=\skip103
\mdf@subsubtitleinnerbelowskip@length=\skip104

(d:/Program Files/texlive/2025/texmf-dist/tex/latex/mdframed/md-frame-0.mdf
File: md-frame-0.mdf 2013/07/01\ 1.9b: md-frame-0
)
\mdf@frametitlebox=\box88
\mdf@footnotebox=\box89
\mdf@splitbox@one=\box90
\mdf@splitbox@two=\box91
\mdf@splitbox@save=\box92
\mdfsplitboxwidth=\skip105
\mdfsplitboxtotalwidth=\skip106
\mdfsplitboxheight=\skip107
\mdfsplitboxdepth=\skip108
\mdfsplitboxtotalheight=\skip109
\mdfframetitleboxwidth=\skip110
\mdfframetitleboxtotalwidth=\skip111
\mdfframetitleboxheight=\skip112
\mdfframetitleboxdepth=\skip113
\mdfframetitleboxtotalheight=\skip114
\mdffootnoteboxwidth=\skip115
\mdffootnoteboxtotalwidth=\skip116
\mdffootnoteboxheight=\skip117
\mdffootnoteboxdepth=\skip118
\mdffootnoteboxtotalheight=\skip119
\mdftotallinewidth=\skip120
\mdfboundingboxwidth=\skip121
\mdfboundingboxtotalwidth=\skip122
\mdfboundingboxheight=\skip123
\mdfboundingboxdepth=\skip124
\mdfboundingboxtotalheight=\skip125
\mdf@freevspace@length=\skip126
\mdf@horizontalwidthofbox@length=\skip127
\mdf@verticalmarginwhole@length=\skip128
\mdf@horizontalspaceofbox=\skip129
\mdfsubtitleheight=\skip130
\mdfsubsubtitleheight=\skip131
\c@mdfcountframes=\count356

****** mdframed patching \endmdf@trivlist

****** -- success******

\mdf@envdepth=\count357
\c@mdf@env@i=\count358
\c@mdf@env@ii=\count359
\c@mdf@zref@counter=\count360
Package zref Info: New property: mdf@pagevalue on input line 895.
)
\c@theorem=\count361
\c@definision=\count362
\c@property=\count363
\c@corollary=\count364
\c@dv_convension=\count365

(d:/Program Files/texlive/2025/texmf-dist/tex/latex/listings/lstlang1.sty
File: lstlang1.sty 2024/09/23 1.10c listings language file
)
(d:/Program Files/texlive/2025/texmf-dist/tex/latex/listings/lstmisc.sty
File: lstmisc.sty 2024/09/23 1.10c (Carsten Heinz)
)
(d:/Program Files/texlive/2025/texmf-dist/tex/latex/cjk/texinput/UTF8/UTF8.enc
File: UTF8.enc 2021/10/16 4.8.5
) (d:/Program Files/texlive/2025/texmf-dist/tex/latex/cjk/texinput/UTF8/UTF8.ch
r
File: UTF8.chr 2021/10/16 4.8.5
)

LaTeX Warning: Unused global option(s):
    [ctexart].

(./main.aux (./TeX_files/chapter00.aux) (./TeX_files/chapter01.aux

LaTeX Warning: Label `df:add1' multiply defined.


LaTeX Warning: Label `df:add1@cref' multiply defined.


LaTeX Warning: Label `df:add2' multiply defined.


LaTeX Warning: Label `df:add2@cref' multiply defined.

) (./TeX_files/chapter02.aux) (./TeX_files/chapter03.aux)
(./TeX_files/chapter04.aux) (./TeX_files/chapter05.aux)
(./TeX_files/chapter06.aux))
\openout1 = `main.aux'.

LaTeX Font Info:    Checking defaults for OML/cmm/m/it on input line 83.
LaTeX Font Info:    ... okay on input line 83.
LaTeX Font Info:    Checking defaults for OMS/cmsy/m/n on input line 83.
LaTeX Font Info:    ... okay on input line 83.
LaTeX Font Info:    Checking defaults for OT1/cmr/m/n on input line 83.
LaTeX Font Info:    ... okay on input line 83.
LaTeX Font Info:    Checking defaults for T1/cmr/m/n on input line 83.
LaTeX Font Info:    ... okay on input line 83.
LaTeX Font Info:    Checking defaults for TS1/cmr/m/n on input line 83.
LaTeX Font Info:    ... okay on input line 83.
LaTeX Font Info:    Checking defaults for OMX/cmex/m/n on input line 83.
LaTeX Font Info:    ... okay on input line 83.
LaTeX Font Info:    Checking defaults for U/cmr/m/n on input line 83.
LaTeX Font Info:    ... okay on input line 83.
LaTeX Font Info:    Checking defaults for C00/song/m/n on input line 83.
LaTeX Font Info:    ... okay on input line 83.
LaTeX Font Info:    Checking defaults for C05/song/m/n on input line 83.
LaTeX Font Info:    ... okay on input line 83.
LaTeX Font Info:    Checking defaults for C09/song/m/n on input line 83.
LaTeX Font Info:    ... okay on input line 83.
LaTeX Font Info:    Checking defaults for C10/song/m/n on input line 83.
LaTeX Font Info:    ... okay on input line 83.
LaTeX Font Info:    Checking defaults for C20/song/m/n on input line 83.
LaTeX Font Info:    ... okay on input line 83.
LaTeX Font Info:    Checking defaults for C19/song/m/n on input line 83.
LaTeX Font Info:    ... okay on input line 83.
LaTeX Font Info:    Checking defaults for C40/song/m/n on input line 83.
LaTeX Font Info:    ... okay on input line 83.
LaTeX Font Info:    Checking defaults for C42/song/m/n on input line 83.
LaTeX Font Info:    ... okay on input line 83.
LaTeX Font Info:    Checking defaults for C43/song/m/n on input line 83.
LaTeX Font Info:    ... okay on input line 83.
LaTeX Font Info:    Checking defaults for C50/song/m/n on input line 83.
LaTeX Font Info:    ... okay on input line 83.
LaTeX Font Info:    Checking defaults for C52/song/m/n on input line 83.
LaTeX Font Info:    ... okay on input line 83.
LaTeX Font Info:    Checking defaults for C49/song/m/n on input line 83.
LaTeX Font Info:    ... okay on input line 83.
LaTeX Font Info:    Checking defaults for C60/mj/m/n on input line 83.
LaTeX Font Info:    ... okay on input line 83.
LaTeX Font Info:    Checking defaults for C61/mj/m/n on input line 83.
LaTeX Font Info:    ... okay on input line 83.
LaTeX Font Info:    Checking defaults for C63/mj/m/n on input line 83.
LaTeX Font Info:    ... okay on input line 83.
LaTeX Font Info:    Checking defaults for C64/mj/m/n on input line 83.
LaTeX Font Info:    ... okay on input line 83.
LaTeX Font Info:    Checking defaults for C65/mj/m/n on input line 83.
LaTeX Font Info:    ... okay on input line 83.
LaTeX Font Info:    Checking defaults for C70/song/m/n on input line 83.
LaTeX Font Info:    ... okay on input line 83.
LaTeX Font Info:    Checking defaults for C31/song/m/n on input line 83.
LaTeX Font Info:    ... okay on input line 83.
LaTeX Font Info:    Checking defaults for C32/song/m/n on input line 83.
LaTeX Font Info:    ... okay on input line 83.
LaTeX Font Info:    Checking defaults for C33/song/m/n on input line 83.
LaTeX Font Info:    ... okay on input line 83.
LaTeX Font Info:    Checking defaults for C34/song/m/n on input line 83.
LaTeX Font Info:    ... okay on input line 83.
LaTeX Font Info:    Checking defaults for C35/song/m/n on input line 83.
LaTeX Font Info:    ... okay on input line 83.
LaTeX Font Info:    Checking defaults for C36/song/m/n on input line 83.
LaTeX Font Info:    ... okay on input line 83.
LaTeX Font Info:    Checking defaults for C37/song/m/n on input line 83.
LaTeX Font Info:    ... okay on input line 83.
LaTeX Font Info:    Checking defaults for C80/song/m/n on input line 83.
LaTeX Font Info:    ... okay on input line 83.
LaTeX Font Info:    Checking defaults for C81/song/m/n on input line 83.
LaTeX Font Info:    ... okay on input line 83.
LaTeX Font Info:    Checking defaults for C01/song/m/n on input line 83.
LaTeX Font Info:    ... okay on input line 83.
LaTeX Font Info:    Checking defaults for C11/song/m/n on input line 83.
LaTeX Font Info:    ... okay on input line 83.
LaTeX Font Info:    Checking defaults for C21/song/m/n on input line 83.
LaTeX Font Info:    ... okay on input line 83.
LaTeX Font Info:    Checking defaults for C41/song/m/n on input line 83.
LaTeX Font Info:    ... okay on input line 83.
LaTeX Font Info:    Checking defaults for C62/song/m/n on input line 83.
LaTeX Font Info:    ... okay on input line 83.
LaTeX Font Info:    Checking defaults for PD1/pdf/m/n on input line 83.
LaTeX Font Info:    ... okay on input line 83.
LaTeX Font Info:    Checking defaults for PU/pdf/m/n on input line 83.
LaTeX Font Info:    ... okay on input line 83.

(d:/Program Files/texlive/2025/texmf-dist/tex/context/base/mkii/supp-pdf.mkii
[Loading MPS to PDF converter (version 2006.09.02).]
\scratchcounter=\count366
\scratchdimen=\dimen308
\scratchbox=\box93
\nofMPsegments=\count367
\nofMParguments=\count368
\everyMPshowfont=\toks53
\MPscratchCnt=\count369
\MPscratchDim=\dimen309
\MPnumerator=\count370
\makeMPintoPDFobject=\count371
\everyMPtoPDFconversion=\toks54
)
(d:/Program Files/texlive/2025/texmf-dist/tex/latex/epstopdf-pkg/epstopdf-base.
sty
Package: epstopdf-base 2020-01-24 v2.11 Base part for package epstopdf
Package epstopdf-base Info: Redefining graphics rule for `.eps' on input line 4
85.

(d:/Program Files/texlive/2025/texmf-dist/tex/latex/latexconfig/epstopdf-sys.cf
g
File: epstopdf-sys.cfg 2010/07/13 v1.3 Configuration of (r)epstopdf for TeX Liv
e
))
Package hyperref Info: Link coloring OFF on input line 83.
 (./main.out) (./main.out)
\@outlinefile=\write4
\openout4 = `main.out'.

\c@lstlisting=\count372
LaTeX Font Info:    Trying to load font information for C70+rm on input line 91
.

(d:/Program Files/texlive/2025/texmf-dist/tex/latex/ctex/fd/c70rm.fd
File: c70rm.fd 2022/07/14 v2.5.10 Chinese font definition (CTEX)
)
LaTeX Font Info:    Trying to load font information for U+msa on input line 91.


(d:/Program Files/texlive/2025/texmf-dist/tex/latex/amsfonts/umsa.fd
File: umsa.fd 2013/01/14 v3.01 AMS symbols A
)
LaTeX Font Info:    Trying to load font information for U+msb on input line 91.


(d:/Program Files/texlive/2025/texmf-dist/tex/latex/amsfonts/umsb.fd
File: umsb.fd 2013/01/14 v3.01 AMS symbols B
)
Package CJKpunct Info: use punctuation spaces for family 'rm' with punctstyle (
quanjiao) on input line 91.



(d:/Program Files/texlive/2025/texmf-dist/tex/generic/ctex/zhmap/ctex-zhmap-win
dows.tex
File: ctex-zhmap-windows.tex 2022/07/14 v2.5.10 Windows font map loader for pdf
TeX and DVIPDFMx (CTEX)
{d:/Program Files/texlive/2025/texmf-var/fonts/map/pdftex/updmap/pdftex.map}{UG
BK.sfd}{Unicode.sfd}) [1



]

[2

] (./main.toc

[3])
\tf@toc=\write5
\openout5 = `main.toc'.



[4]
\openout2 = `./TeX_files/chapter00.aux'.

 (./TeX_files/chapter00.tex

[5


]
Package CJKpunct Info: use punctuation spaces for family 'zhkai' with punctstyl
e (quanjiao) on input line 12.
)

[6]
\openout2 = `./TeX_files/chapter01.aux'.

 (./TeX_files/chapter01.tex
Chapter 1.

Underfull \vbox (badness 1629) has occurred while \output is active []



[1





]
<countapple.png, id=443, 2055.68pt x 2055.68pt>
File: countapple.png Graphic file (type png)
<use countapple.png>
Package pdftex.def Info: countapple.png  used on input line 23.
(pdftex.def)             Requested size: 312.00119pt x 311.97728pt.


[2 <./countapple.png (PNG copy)>]
Overfull \hbox (0.69945pt too wide) in paragraph at lines 30--31
 [][] \C70/rm/m/n/12/73 ° \C70/rm/m/n/12/57 ( \C70/rm/m/n/12/5c 1\OT1/cmr/m/n/1
2 0\C70/rm/m/n/12/5c ^ \C70/rm/m/n/12/4e ^^M \C70/rm/m/n/12/5c ^ \C70/rm/m/n/12
/4e Ž \C70/rm/m/n/12/81 ê \C70/rm/m/n/12/71 6 \C70/rm/m/n/12/65 p|\C70/rm/m/n/1
2/ff ^^L| \C70/rm/m/n/12/52 ^^F \C70/rm/m/n/12/4e : 	 * \C70/rm/m/n/12/6d > \C7
0/rm/m/n/12/52 +|\C70/rm/m/n/12/30 ^^B| \C70/rm/m/n/12/7b , \C70/rm/m/n/12/4e ^
^@ * \C70/rm/m/n/12/6d > \C70/rm/m/n/12/52 +|\C70/rm/m/n/12/ff ^^Z| \C70/rm/m/n
/12/4f   \C70/rm/m/n/12/7e ß \C70/rm/m/n/12/6d >|\C70/rm/m/n/12/30 ^^B| \C70/rm
/m/n/12/8b ¤ \C70/rm/m/n/12/4e :\OT1/cmr/m/n/12 0\C70/rm/m/n/12/4e ^^M
 []



[3]
<liberty_leading_people.png, id=491, 532.389pt x 419.76825pt>
File: liberty_leading_people.png Graphic file (type png)
<use liberty_leading_people.png>
Package pdftex.def Info: liberty_leading_people.png  used on input line 44.
(pdftex.def)             Requested size: 312.00119pt x 246.00218pt.

Underfull \vbox (badness 8000) has occurred while \output is active []



[4 <./liberty_leading_people.png>]

[5]

[6]

[7
pdfTeX warning (ext4): destination with the same identifier (name{table.1.1}) h
as been already used, duplicate ignored
<argument> ...shipout:D \box_use:N \l_shipout_box 
                                                  \__shipout_drop_firstpage_...
l.123 \subsection
                 {æ•°å­¦è¯­è¨€}
pdfTeX warning (ext4): destination with the same identifier (name{table.1.2}) h
as been already used, duplicate ignored
<argument> ...shipout:D \box_use:N \l_shipout_box 
                                                  \__shipout_drop_firstpage_...
l.123 \subsection
                 {æ•°å­¦è¯­è¨€}]
Package mdframed Info: mdframed works in twoside mode on input line 139.
Package mdframed Info: mdframed detected package amsthm 
 changed the theorem header of amsthm
(mdframed)              on input line 139.
LaTeX Font Info:    Trying to load font information for OMS+cmr on input line 1
45.

(d:/Program Files/texlive/2025/texmf-dist/tex/latex/base/omscmr.fd
File: omscmr.fd 2024/11/19 v2.5n Standard LaTeX font definitions
)
LaTeX Font Info:    Font shape `OMS/cmr/m/n' in size <12> not available
(Font)              Font shape `OMS/cmsy/m/n' tried instead on input line 145.


[8]
Package mdframed Info: Not enough space on this page on input line 146.


[9]

[10]
Overfull \hbox (8.02461pt too wide) in paragraph at lines 175--176
 [][] \C70/rm/m/n/12/90 £\OT1/cmr/m/n/12 2\C70/rm/m/n/12/52 0 \C70/rm/m/n/12/5e
 • \C70/rm/m/n/12/89  \C70/rm/m/n/12/59 ‚ \C70/rm/m/n/12/4f U \C70/rm/m/n/12/4
e Î 
 \C70/rm/m/n/12/97 b \C70/rm/m/n/12/4e Å \C70/rm/m/n/12/67 	 \C70/rm/m/n/12/76 
„ \C70/rm/m/n/12/51 C \C70/rm/m/n/12/7d  |\C70/rm/m/n/12/30 ^^A| \C70/rm/m/n/12
/96 Æ \C70/rm/m/n/12/54 ^^H|\C70/rm/m/n/12/30 ^^A| \C70/rm/m/n/12/7a z \C70/rm/
m/n/12/96 Æ \C70/rm/m/n/12/76 „ \C70/rm/m/n/12/69 ‚ \C70/rm/m/n/12/5f õ \C70/rm
/m/n/12/63 ¨ \C70/rm/m/n/12/5b ü \C70/rm/m/n/12/51 ú \C70/rm/m/n/12/67 e \C70/r
m/m/n/12/54 b|\C70/rm/m/n/12/ff ^^_| $\OMS/cmsy/m/n/12 ;$\C70/rm/m/n/12/54 Œ$\O
MS/cmsy/m/n/12 ;$\C70/rm/m/n/12/66 /
 []



[11]

[12]
Overfull \hbox (1.14949pt too wide) in paragraph at lines 257--258
 [][] \C70/rm/m/n/12/8b û \C70/rm/m/n/12/65 p \C70/rm/m/n/12/5b f \C70/rm/m/n/1
2/8b í \C70/rm/m/n/12/8a ^^@|\C70/rm/m/n/12/ff ^^Z| \C70/rm/m/n/12/8f Ù \C70/rm
/m/n/12/53 å \C70/rm/m/n/12/65 p \C70/rm/m/n/12/5b f \C70/rm/m/n/12/8b í \C70/r
m/m/n/12/8a ^^@ \C70/rm/m/n/12/51 ú \C70/rm/m/n/12/73 ° \C70/rm/m/n/12/4e † \C7
0/rm/m/n/12/65 ° \C70/rm/m/n/12/76 „ \C70/rm/m/n/12/7b & \C70/rm/m/n/12/53 ÷|\C
70/rm/m/n/12/ff ^^Z| $\OMS/cmsy/m/n/12 _$|\C70/rm/m/n/12/ff ^^L| \C70/rm/m/n/12
/5b ƒ \C70/rm/m/n/12/8b û \C70/rm/m/n/12/4f \ |\C70/rm/m/n/12/20 ^^\|\C70/rm/m/
n/12/62 ^^V|\C70/rm/m/n/12/20 ^^]||\C70/rm/m/n/12/30 ^^A||\C70/rm/m/n/12/20 ^^\
|\C70/rm/m/n/12/62 ^^V \C70/rm/m/n/12/80 ^^E|\C70/rm/m/n/12/20 ^^]||\C70/rm/m/n
/12/30 ^^B|
 []



[13]

[14]
Overfull \hbox (3.59993pt too wide) in paragraph at lines 293--294
\OMS/cmsy/m/n/12 f$;$g|\C70/rm/m/n/12/ff ^^L| \OMS/cmsy/m/n/12 ff$;$|\C70/rm/m/
n/12/30 ^^A| \OMS/cmsy/m/n/12 f$;$ggg\C70/rm/m/n/12/76 „ \C70/rm/m/n/12/51 C \C
70/rm/m/n/12/7d   \C70/rm/m/n/12/66 /\OMS/cmsy/m/n/12 f$;$|\C70/rm/m/n/12/30 ^^
A| \OMS/cmsy/m/n/12 f$;$gg|\C70/rm/m/n/12/ff ^^L| \C70/rm/m/n/12/62 @ \C70/rm/m
/n/12/4e å \C70/rm/m/n/12/67 „ \C70/rm/m/n/12/90   \C70/rm/m/n/12/76 „ \C70/rm/
m/n/12/96 Æ \C70/rm/m/n/12/54 ^^H \C70/rm/m/n/12/66 /\OMS/cmsy/m/n/12 f$;$|\C70
/rm/m/n/12/30 ^^A| \OMS/cmsy/m/n/12 f$;$g|\C70/rm/m/n/12/30 ^^A| \OMS/cmsy/m/n/
12 f$;$|\C70/rm/m/n/12/30 ^^A| \OMS/cmsy/m/n/12 f$;$ggg 
 []


Overfull \hbox (5.61005pt too wide) in paragraph at lines 296--298
 [][] \C70/rm/m/n/12/4e Î 
 \C70/rm/m/n/12/97 b \C70/rm/m/n/12/67 „ \C70/rm/m/n/12/90   \C70/rm/m/n/12/81 
ê \C70/rm/m/n/12/71 6 \C70/rm/m/n/12/65 p|\C70/rm/m/n/12/ff ^^L| \C70/rm/m/n/12
/62 ^^Q \C70/rm/m/n/12/4e ì \C70/rm/m/n/12/91 Ç \C70/rm/m/n/12/75 ( \C70/rm/m/n
/12/4e † ^^@ \C70/rm/m/n/12/79 Í \C70/rm/m/n/12/65 ¹ \C70/rm/m/n/12/6c Õ \C70/r
m/m/n/12/67 „ \C70/rm/m/n/12/90   \C70/rm/m/n/12/4e  ^^@ * \C70/rm/m/n/12/81 ê
 \C70/rm/m/n/12/71 6 \C70/rm/m/n/12/65 p \C70/rm/m/n/12/76 „ \C70/rm/m/n/12/65 
¹ \C70/rm/m/n/12/6c Õ|\C70/rm/m/n/12/ff ^^Z| $\OML/cmm/m/it/12 x[] \OT1/cmr/m/n
/12 =
 []



[15]
LaTeX Font Info:    Font shape `OMS/cmr/m/it' in size <12> not available
(Font)              Font shape `OMS/cmsy/m/n' tried instead on input line 299.

Overfull \hbox (5.74986pt too wide) in paragraph at lines 309--310
 [][] $[]$\C70/rm/m/n/12/4e Ô \C70/rm/m/n/12/7e Æ \C70/rm/m/n/12/89 Â
 []



[16]

[17]

[18
pdfTeX warning (ext4): destination with the same identifier (name{equation.1.7}
) has been already used, duplicate ignored
<argument> ...shipout:D \box_use:N \l_shipout_box 
                                                  \__shipout_drop_firstpage_...
l.381 \end{Proof}
                 ]

[19]

[20]
Overfull \hbox (2.244pt too wide) in paragraph at lines 433--434
[]\C70/rm/bx/n/12/6b Ï \C70/rm/bx/n/12/4e * \C70/rm/bx/n/12/81 ê \C70/rm/bx/n/1
2/71 6 \C70/rm/bx/n/12/65 p\OT1/cmr/bx/n/12 x|\C70/rm/bx/n/12/ff ^^L| \C70/rm/b
x/n/12/67 	 \C70/rm/bx/n/12/55 / \C70/rm/bx/n/12/4e ^^@ \C70/rm/bx/n/12/76 „\OT
1/cmr/bx/n/12 S(x)|\C70/rm/bx/n/12/ff ^^L| \OT1/cmr/bx/n/12 S(x)\C70/rm/bx/n/12
/4e _ \C70/rm/bx/n/12/66 / \C70/rm/bx/n/12/81 ê \C70/rm/bx/n/12/71 6 \C70/rm/bx
/n/12/65 p\OT1/cmr/m/n/12 ($\OMS/cmsy/m/n/12 9\OT1/cmr/m/n/12 !\OML/cmm/m/it/12
 S\OT1/cmr/m/n/12 (\OML/cmm/m/it/12 x\OT1/cmr/m/n/12 )(\OML/cmm/m/it/12 x \OMS/
cmsy/m/n/12 2 \U/msb/m/n/12 N \OMS/cmsy/m/n/12 ^ \OML/cmm/m/it/12 S\OT1/cmr/m/n
/12 (\OML/cmm/m/it/12 x\OT1/cmr/m/n/12 ) \OMS/cmsy/m/n/12 2
 []



[21]

[22]

[23]

[24]

[25]

[26]

[27
pdfTeX warning (ext4): destination with the same identifier (name{equation.1.51
}) has been already used, duplicate ignored
<argument> ...shipout:D \box_use:N \l_shipout_box 
                                                  \__shipout_drop_firstpage_...
l.648 	\end{align}
                  ]

[28]

[29{d:/Program Files/texlive/2025/texmf-dist/fonts/enc/dvips/cm-super/cm-super-
ts1.enc}]

[30]
Overfull \hbox (13.76868pt too wide) in paragraph at lines 760--761
[]\C70/rm/bx/n/12/8b Á \C70/rm/bx/n/12/66 ^^N\OT1/cmr/bx/n/12 . []\C70/rm/m/it/
12/53 ê \C70/rm/m/it/12/89  \C70/rm/m/it/12/4e $ * \C70/rm/m/it/12/96 Æ \C70/r
m/m/it/12/54 ^^H \C70/rm/m/it/12/51 C \C70/rm/m/it/12/7d   \C70/rm/m/it/12/80 ý
 \C70/rm/m/it/12/4e ^^@ ^^@ \C70/rm/m/it/12/5b ù \C70/rm/m/it/12/5e ”|\C70/rm/m
/it/12/ff ^^L| \C70/rm/m/it/12/90 £ \C70/rm/m/it/12/4e H \C70/rm/m/it/12/5b ƒ \
C70/rm/m/it/12/4e ì \C70/rm/m/it/12/76 „ \C70/rm/m/it/12/57 ú \C70/rm/m/it/12/6
5 p \C70/rm/m/it/12/66 / \C70/rm/m/it/12/76 ø \C70/rm/m/it/12/7b I \C70/rm/m/it
/12/76 „|\C70/rm/m/it/12/30 ^^B| \C70/rm/m/it/12/68 9 \C70/rm/m/it/12/63 n[]|\C
70/rm/m/it/12/ff ^^L|
 []



[31]
Overfull \hbox (10.0363pt too wide) in paragraph at lines 793--794
[]\C70/rm/bx/n/12/8b Á \C70/rm/bx/n/12/66 ^^N\OT1/cmr/bx/n/12 . []\C70/rm/m/it/
12/67 „ \C70/rm/m/it/12/90   \C70/rm/m/it/12/96 Æ \C70/rm/m/it/12/54 ^^H \OT1/c
mr/m/it/12 S=$\OMS/cmsy/m/n/12 f\OML/cmm/m/it/12 x \OMS/cmsy/m/n/12 2 \U/msb/m/
n/12 N\OMS/cmsy/m/n/12 j\OML/cmm/m/it/12 x \OMS/cmsy/m/n/12 ^^T \OML/cmm/m/it/1
2 M\OMS/cmsy/m/n/12 g$|\C70/rm/m/it/12/30 ^^B| \C70/rm/m/it/12/75 1 \C70/rm/m/i
t/12/81 ê \C70/rm/m/it/12/71 6 \C70/rm/m/it/12/65 p \C70/rm/m/it/12/76 „ \C70/r
m/m/it/12/5b š \C70/rm/m/it/12/4e I \C70/rm/m/it/12/53 ï \C70/rm/m/it/12/77 å|\
C70/rm/m/it/12/ff ^^Z| \OT1/cmr/m/it/12 S=$\OMS/cmsy/m/n/12 f\OT1/cmr/m/n/12 0\
OML/cmm/m/it/12 ; \OT1/cmr/m/n/12 1\OML/cmm/m/it/12 ; \OT1/cmr/m/n/12 2 [] \OML
/cmm/m/it/12 M\OMS/cmsy/m/n/12 g$|\C70/rm/m/it/12/ff ^^L|
 []



[32])

[33]
\openout2 = `./TeX_files/chapter02.aux'.

 (./TeX_files/chapter02.tex

[34




]
Chapter 2.

Underfull \vbox (badness 5077) has occurred while \output is active []



[35]

[36]
Overfull \hbox (0.60037pt too wide) detected at line 47
[]
 []



[37]
Underfull \vbox (badness 2635) has occurred while \output is active []



[38]
Overfull \hbox (40.44269pt too wide) in paragraph at lines 72--74
[]\C70/rm/m/it/12/6e á \C70/rm/m/it/12/8d ³ \C70/rm/m/it/12/65 t p \C70/rm/m/it
/12/5b š \C70/rm/m/it/12/4e I[]|\C70/rm/m/it/12/ff ^^L| \C70/rm/m/it/12/8f Ø \C
70/rm/m/it/12/97 ^^@ \C70/rm/m/it/12/89  \C70/rm/m/it/12/8b Á \C70/rm/m/it/12/
66 ^^N / \C70/rm/m/it/12/54 & \C70/rm/m/it/12/6e á \C70/rm/m/it/12/8d ³[]|\C70/
rm/m/it/12/30 ^^B| \C70/rm/m/it/12/68 9 \C70/rm/m/it/12/63 n \C70/rm/m/it/12/65
 t p \C70/rm/m/it/12/5b š \C70/rm/m/it/12/4e I[]|\C70/rm/m/it/12/ff ^^Z|
 []

<matrix_transformation_1.png, id=1837, 1498.398pt x 1542.36224pt>
File: matrix_transformation_1.png Graphic file (type png)
<use matrix_transformation_1.png>
Package pdftex.def Info: matrix_transformation_1.png  used on input line 106.
(pdftex.def)             Requested size: 234.00238pt x 240.8523pt.


[39]

[40 <./matrix_transformation_1.png>]
Underfull \vbox (badness 2521) has occurred while \output is active []



[41]

[42]

[43]

[44]

[45]

[46]

[47]
Overfull \hbox (13.76868pt too wide) in paragraph at lines 454--455
[]\C70/rm/bx/n/12/8b Á \C70/rm/bx/n/12/66 ^^N\OT1/cmr/bx/n/12 . []\C70/rm/m/it/
12/53 ê \C70/rm/m/it/12/89  \C70/rm/m/it/12/4e $ * \C70/rm/m/it/12/96 Æ \C70/r
m/m/it/12/54 ^^H \C70/rm/m/it/12/51 C \C70/rm/m/it/12/7d   \C70/rm/m/it/12/80 ý
 \C70/rm/m/it/12/4e ^^@ ^^@ \C70/rm/m/it/12/5b ù \C70/rm/m/it/12/5e ”|\C70/rm/m
/it/12/ff ^^L| \C70/rm/m/it/12/90 £ \C70/rm/m/it/12/4e H \C70/rm/m/it/12/5b ƒ \
C70/rm/m/it/12/4e ì \C70/rm/m/it/12/76 „ \C70/rm/m/it/12/57 ú \C70/rm/m/it/12/6
5 p \C70/rm/m/it/12/66 / \C70/rm/m/it/12/76 ø \C70/rm/m/it/12/7b I \C70/rm/m/it
/12/76 „|\C70/rm/m/it/12/30 ^^B| \C70/rm/m/it/12/68 9 \C70/rm/m/it/12/63 n[]|\C
70/rm/m/it/12/ff ^^L|
 []



[48]
Overfull \hbox (8.53072pt too wide) in paragraph at lines 509--510
[]\C70/rm/m/it/12/53 U \C70/rm/m/it/12/5c ^^D\OT1/cmr/m/it/12 : \C70/rm/m/it/12
/82 å$\OML/cmm/m/it/12 f\OT1/cmr/m/n/12 ((\OML/cmm/m/it/12 x[]; y[]\OT1/cmr/m/n
/12 )\OML/cmm/m/it/12 ; n[]\OT1/cmr/m/n/12 )$\C70/rm/m/it/12/54 Œ$\OML/cmm/m/it
/12 f\OT1/cmr/m/n/12 ((\OML/cmm/m/it/12 x[]; y[]\OT1/cmr/m/n/12 )\OML/cmm/m/it/
12 ; n[]\OT1/cmr/m/n/12 )$|\C70/rm/m/it/12/ff ^^L| $\OML/cmm/m/it/12 n[] \OT1/c
mr/m/n/12 = \OML/cmm/m/it/12 n[]$|\C70/rm/m/it/12/30 ^^B| \C70/rm/m/it/12/68 9 
\C70/rm/m/it/12/63 n[]|\C70/rm/m/it/12/ff ^^L| \C70/rm/m/it/12/53 ï \C70/rm/m/i
t/12/5f —$\OML/cmm/m/it/12 x[] \OT1/cmr/m/n/12 =
 []


Overfull \hbox (10.06392pt too wide) in paragraph at lines 510--511
[]\C70/rm/m/it/12/6e á \C70/rm/m/it/12/5c ^^D|\C70/rm/m/it/12/ff ^^Z| [] \OT1/c
mr/m/it/12 n $\OMS/cmsy/m/n/12 2$ $\U/msb/m/n/12 N$|\C70/rm/m/it/12/ff ^^L| \C7
0/rm/m/it/12/4e ^^T \C70/rm/m/it/12/68 9 \C70/rm/m/it/12/63 n[]\OT1/cmr/m/it/12
 n\C70/rm/m/it/12/90 ý \C70/rm/m/it/12/80 ý \C70/rm/m/it/12/62 ~ \C70/rm/m/it/1
2/52 0 \C70/rm/m/it/12/54 ^^H \C70/rm/m/it/12/90 ^^B \C70/rm/m/it/12/76 „\OT1/c
mr/m/it/12 x|\C70/rm/m/it/12/ff ^^L| \OT1/cmr/m/it/12 y\C70/rm/m/it/12/6e á \C7
0/rm/m/it/12/8d ³ \C70/rm/m/it/12/51 ý \C70/rm/m/it/12/65 p[]|\C70/rm/m/it/12/3
0 ^^B|
 []


Underfull \hbox (badness 10000) in paragraph at lines 510--511

 []



[49
pdfTeX warning (ext4): destination with the same identifier (name{equation.2.82
}) has been already used, duplicate ignored
<argument> ...shipout:D \box_use:N \l_shipout_box 
                                                  \__shipout_drop_firstpage_...
l.511 \end{itemize}
                   	
pdfTeX warning (ext4): destination with the same identifier (name{equation.2.82
}) has been already used, duplicate ignored
<argument> ...shipout:D \box_use:N \l_shipout_box 
                                                  \__shipout_drop_firstpage_...
l.511 \end{itemize}
                   	
pdfTeX warning (ext4): destination with the same identifier (name{equation.2.82
}) has been already used, duplicate ignored
<argument> ...shipout:D \box_use:N \l_shipout_box 
                                                  \__shipout_drop_firstpage_...
l.511 \end{itemize}
                   	]
Overfull \hbox (12.60037pt too wide) detected at line 524
[]
 []



[50]

[51]

[52]

[53
pdfTeX warning (ext4): destination with the same identifier (name{equation.2.10
1}) has been already used, duplicate ignored
<argument> ...shipout:D \box_use:N \l_shipout_box 
                                                  \__shipout_drop_firstpage_...
l.636 \paragraph
                {}
pdfTeX warning (ext4): destination with the same identifier (name{equation.2.10
1}) has been already used, duplicate ignored
<argument> ...shipout:D \box_use:N \l_shipout_box 
                                                  \__shipout_drop_firstpage_...
l.636 \paragraph
                {}]

[54]
<unit_line_divisions.png, id=2631, 995.3988pt x 353.8821pt>
File: unit_line_divisions.png Graphic file (type png)
<use unit_line_divisions.png>
Package pdftex.def Info: unit_line_divisions.png  used on input line 687.
(pdftex.def)             Requested size: 390.0pt x 138.65062pt.

Overfull \hbox (11.74988pt too wide) in paragraph at lines 687--688
 [][] [] 
 []



[55]

[56 <./unit_line_divisions.png>]

[57]
Underfull \hbox (badness 10000) in paragraph at lines 733--734

 []



[58
pdfTeX warning (ext4): destination with the same identifier (name{equation.2.10
4}) has been already used, duplicate ignored
<argument> ...shipout:D \box_use:N \l_shipout_box 
                                                  \__shipout_drop_firstpage_...
l.766 	\]
         ]

[59]

[60]
Missing character: There is no Œ in font cmr12!


[61]

[62]

[63]
Underfull \vbox (badness 2828) has occurred while \output is active []



[64])

[65]

[66]
\openout2 = `./TeX_files/chapter03.aux'.

 (./TeX_files/chapter03.tex
Chapter 3.

Package hyperref Warning: Difference (2) between bookmark levels is greater 
(hyperref)                than one, level fixed on input line 2.


Underfull \vbox (badness 3199) has occurred while \output is active []



[67




]
Overfull \hbox (5.75108pt too wide) in paragraph at lines 29--39
 [][] [] 
 []


Underfull \vbox (badness 10000) has occurred while \output is active []



[68]

[69]
Underfull \vbox (badness 7963) has occurred while \output is active []



[70]

[71]

[72]

[73]
Overfull \hbox (2.21312pt too wide) in paragraph at lines 157--158
 [][] \C70/rm/m/n/12/52 ^^F r \C70/rm/m/n/12/76 „ \C70/rm/m/n/12/66 / \C70/rm/m
/n/12/6b Ô \C70/rm/m/n/12/4f ‹ \C70/rm/m/n/12/65 p|\C70/rm/m/n/12/ff ^^L||\C70/
rm/m/it/12/20 ^^\|\C70/rm/m/it/12/96 Æ \C70/rm/m/it/12/54 ^^H\OT1/cmr/m/it/12 A
\C70/rm/bx/it/12/67 	[][] ^^@ \C70/rm/m/it/12/59 ' \C70/rm/m/it/12/6b Ô \C70/rm
/m/it/12/4f ‹ \C70/rm/m/it/12/65 p|\C70/rm/m/it/12/ff ^^L| \C70/rm/m/it/12/96 Æ
 \C70/rm/m/it/12/54 ^^H\OT1/cmr/m/it/12 B\C70/rm/bx/it/12/6c ¡[][] \C70/rm/bx/i
t/12/67 	[][] ^^@ \C70/rm/m/it/12/5c ^^O \C70/rm/m/it/12/6b Ô \C70/rm/m/it/12/4
f ‹ \C70/rm/m/it/12/65 p|\C70/rm/m/it/12/20 ^^]| \C70/rm/m/n/12/54 Œ |\C70/rm/m
/it/12/20 ^^\|\C70/rm/m/it/12/96 Æ
 []



[74]

[75]

[76]
Overfull \hbox (38.54752pt too wide) detected at line 229
\OMS/cmsy/m/n/12 9\OML/cmm/m/it/12 x\OT1/cmr/m/n/12 (\OMS/cmsy/m/n/12 :\OT1/cmr
/m/n/12 (\OML/cmm/m/it/12 x \OMS/cmsy/m/n/12 2 \OML/cmm/m/it/12 A\OT1/cmr/m/n/1
2 0[]  \OMS/cmsy/m/n/12 ([])  \OML/cmm/m/it/12 x \OMS/cmsy/m/n/12 2 \OML/cmm/m/
it/12 A\OT1/cmr/m/n/12 1[])) = \OMS/cmsy/m/n/12 9\OML/cmm/m/it/12 x\OT1/cmr/m/n
/12 ((\OML/cmm/m/it/12 x \OMS/cmsy/m/n/12 2 \OML/cmm/m/it/12 A\OT1/cmr/m/n/12 0
[] \OMS/cmsy/m/n/12 ^ \OML/cmm/m/it/12 x [] A\OT1/cmr/m/n/12 1[]) \OMS/cmsy/m/n
/12 _ \OT1/cmr/m/n/12 (\OML/cmm/m/it/12 x [] A\OT1/cmr/m/n/12 0[] \OMS/cmsy/m/n
/12 ^ \OML/cmm/m/it/12 x \OMS/cmsy/m/n/12 2 \OML/cmm/m/it/12 A\OT1/cmr/m/n/12 1
[]))
 []


Overfull \hbox (35.2977pt too wide) in paragraph at lines 239--242
\C70/rm/m/it/12/51 v \C70/rm/bx/it/12/4e - K ^^@ : \C70/rm/m/it/12/77 ^^_ \C70/
rm/m/it/12/5c 1 \C70/rm/m/it/12/53 ï \C70/rm/bx/it/12/4e å|\C70/rm/m/it/12/30 ^
^B| \C70/rm/m/it/12/59 ‚ \C70/rm/bx/it/12/67 œ[]\OT1/cmr/m/it/12 3.24[]\C70/rm/
bx/it/12/4e : \C70/rm/m/it/12/77 ^^_|\C70/rm/m/it/12/ff ^^L| \C70/rm/m/it/12/52
 ^^Y$\OML/cmm/m/it/12 a[] < a[]$|\C70/rm/m/it/12/ff ^^[| \C70/rm/m/it/12/59 ‚ \
C70/rm/bx/it/12/67 œ[]\OT1/cmr/m/it/12 3.25[]\C70/rm/bx/it/12/4e : \C70/rm/m/it
/12/77 ^^_|\C70/rm/m/it/12/ff ^^L| \C70/rm/m/it/12/52 ^^Y[]|\C70/rm/m/it/12/30 
^^B|
 []


Underfull \hbox (badness 10000) in paragraph at lines 239--242

 []


Underfull \hbox (badness 10000) in paragraph at lines 242--246

 []



[77]
Overfull \hbox (14.47159pt too wide) in paragraph at lines 247--248
\C70/rm/m/it/12/61 ^^O \C70/rm/bx/it/12/4e ^^@ *\OT1/cmr/m/it/12 x\C70/rm/m/it/
12/57 ($\OML/cmm/m/it/12 A\OT1/cmr/m/n/12 0[]$|\C70/rm/m/it/12/ff ^^L| \C70/rm/
bx/it/12/4e _ \C70/rm/m/it/12/57 ($\OML/cmm/m/it/12 A\OT1/cmr/m/n/12 1[]$|\C70/
rm/m/it/12/ff ^^[| \C70/rm/m/it/12/57 ($\OML/cmm/m/it/12 A\OT1/cmr/m/n/12 1[]$|
\C70/rm/m/it/12/ff ^^L| \C70/rm/bx/it/12/4e _ \C70/rm/m/it/12/57 ($\OML/cmm/m/i
t/12 A\OT1/cmr/m/n/12 0[]$|\C70/rm/m/it/12/30 ^^B| \C70/rm/m/it/12/80 ^^L$\OML/
cmm/m/it/12 a[] < a[]$\C70/rm/bx/it/12/5b X \C70/rm/m/it/12/57 (\OT1/cmr/m/it/1
2 x\C70/rm/m/it/12/57 ($\OML/cmm/m/it/12 A\OT1/cmr/m/n/12 0[]$|\C70/rm/m/it/12/
ff ^^L|
 []



[78]
Overfull \hbox (0.61493pt too wide) in paragraph at lines 314--317
\C70/rm/bx/it/12/8b º[][][]\OT1/cmr/bx/it/12 3.0.1[]\C70/rm/m/it/12/62 4 \C70/r
m/m/it/12/5f · \C70/rm/m/it/12/91 Ñ \C70/rm/m/it/12/6b Ô \C70/rm/m/it/12/4f ‹ \
C70/rm/m/it/12/65 p \C70/rm/m/it/12/52 ^^F r \C70/rm/m/it/12/55 / \C70/rm/bx/it
/12/4e ^^@ \C70/rm/m/it/12/57 0 \C70/rm/bx/it/12/78 n \C70/rm/bx/it/12/5b š \C7
0/rm/bx/it/12/4e † ^^@ * \C70/rm/bx/it/12/5b ž \C70/rm/m/it/12/65 p$\OML/cmm/m/
it/12 ^^[$|\C70/rm/m/it/12/ff ^^[| \C70/rm/bx/it/12/67 ^^@ \C70/rm/m/it/12/54 ^
^N \C70/rm/m/it/12/68 9 \C70/rm/bx/it/12/63 n ¨[][] \C70/rm/bx/it/12/8b º[][][]
\OT1/cmr/bx/it/12 3.0.2[]\C70/rm/bx/it/12/5b ž
 []



[79]
Overfull \hbox (9.33228pt too wide) in paragraph at lines 325--326
[]\C70/rm/m/it/12/56 à \C70/rm/bx/it/12/4e : û \C70/rm/m/it/12/61 ^^O$\OML/cmm/
m/it/12 A[]$\C70/rm/bx/it/12/4e - \C70/rm/m/it/12/76 „ \C70/rm/bx/it/12/6b Ô \C
70/rm/bx/it/12/4f ‹ \C70/rm/bx/it/12/65 p\OT1/cmr/m/it/12 b|\C70/rm/m/it/12/ff 
^^L| \C70/rm/bx/it/12/4e ^^M \C70/rm/bx/it/12/5c ^ \C70/rm/bx/it/12/4e Ž û \C70
/rm/bx/it/12/4f U$\OML/cmm/m/it/12 A[]$|\C70/rm/m/it/12/30 ^^B| \C70/rm/m/it/12
/7b I \C70/rm/bx/it/12/4e ÷ \C70/rm/m/it/12/57 0\OT1/cmr/m/it/12 b\C70/rm/m/it/
12/90 ý \C70/rm/bx/it/12/4e ^^M \C70/rm/bx/it/12/5c ^ \C70/rm/bx/it/12/4e Ž \C7
0/rm/m/it/12/96 Æ \C70/rm/m/it/12/54 ^^H\OT1/cmr/m/it/12 S\C70/rm/bx/it/12/4e -

 []


Overfull \hbox (2.37471pt too wide) in paragraph at lines 325--326
\OT1/cmr/m/it/12 b\C70/rm/bx/it/12/4e ^^N\OT1/cmr/m/it/12 S\C70/rm/bx/it/12/4e 
- \C70/rm/m/it/12/76 „ \C70/rm/bx/it/12/5b ž \C70/rm/bx/it/12/65 p \C70/rm/m/it
/12/76 „ \C70/rm/m/it/12/51 s \C70/rm/m/it/12/7c û \C70/rm/m/it/12/5f Å \C70/rm
/m/it/12/71 6 \C70/rm/bx/it/12/4e ^^M \C70/rm/m/it/12/66 / \C70/rm/bx/it/12/5c 
^^O \C70/rm/bx/it/12/4e Ž \C70/rm/m/it/12/76 „ \C70/rm/m/it/12/51 s \C70/rm/m/i
t/12/7c û|\C70/rm/m/it/12/30 ^^B| \C70/rm/m/it/12/51  \C70/rm/m/it/12/68 9 \C7
0/rm/bx/it/12/63 n \C70/rm/bx/it/12/5b ž \C70/rm/bx/it/12/65 p \C70/rm/m/it/12/
76 „ \C70/rm/m/it/12/5e  \C70/rm/m/it/12/51 s \C70/rm/m/it/12/7c û|\C70/rm/m/i
t/12/ff ^^Z| \OT1/cmr/m/it/12 b\C70/rm/m/it/12/53 ê
 []


Underfull \hbox (badness 10000) in paragraph at lines 327--337

 []



[80]

[81])

[82]
\openout2 = `./TeX_files/chapter04.aux'.

 (./TeX_files/chapter04.tex
Chapter 4.
<splitcircle.png, id=3145, 715.2321pt x 714.2685pt>
File: splitcircle.png Graphic file (type png)
<use splitcircle.png>
Package pdftex.def Info: splitcircle.png  used on input line 4.
(pdftex.def)             Requested size: 234.00238pt x 233.68214pt.


[83




 <./splitcircle.png>]
<pi_equal_4.png, id=3155, 351.3125pt x 495.8525pt>
File: pi_equal_4.png Graphic file (type png)
<use pi_equal_4.png>
Package pdftex.def Info: pi_equal_4.png  used on input line 6.
(pdftex.def)             Requested size: 234.00238pt x 330.2901pt.


Package hyperref Warning: Difference (2) between bookmark levels is greater 
(hyperref)                than one, level fixed on input line 15.



[84 <./pi_equal_4.png>]

[85]

[86]

[87]
Overfull \hbox (10.04253pt too wide) in paragraph at lines 119--120
[]\C70/rm/bx/n/12/63 ¨ \C70/rm/bx/n/12/8b º \OT1/cmr/bx/n/12 4.0.5. []\C70/rm/b
x/it/12/4e û \C70/rm/m/it/12/61 ^^O \C70/rm/m/it/12/76 „ \C70/rm/bx/it/12/4e $ 
* \C70/rm/bx/it/12/5b ž \C70/rm/bx/it/12/65 p$\OML/cmm/m/it/12 $|\C70/rm/m/it/
12/30 ^^A| $\OML/cmm/m/it/12 ^^L$|\C70/rm/m/it/12/ff ^^L| \C70/rm/m/it/12/59 ‚ 
\C70/rm/bx/it/12/67 œ \C70/rm/bx/it/12/4e û \C70/rm/m/it/12/61 ^^O \C70/rm/m/it
/12/76 „ \C70/rm/bx/it/12/4e ^^@ * \C70/rm/m/it/12/59 ' \C70/rm/bx/it/12/4e Ž\O
T1/cmr/m/it/12 0\C70/rm/m/it/12/76 „ \C70/rm/bx/it/12/5b ž \C70/rm/bx/it/12/65 
p$\OML/cmm/m/it/12 e$|\C70/rm/m/it/12/ff ^^L| \C70/rm/bx/it/12/65 p$\OML/cmm/m/
it/12 $\C70/rm/m/it/12/54 Œ$\OML/cmm/m/it/12 ^^L$\C70/rm/m/it/12/90 ý
 []


Overfull \hbox (15.73238pt too wide) in paragraph at lines 133--134
\C70/rm/bx/it/12/8b ¾$\OML/cmm/m/it/12 $\C70/rm/bx/it/12/4e ^^M \C70/rm/m/it/1
2/7b I \C70/rm/bx/it/12/4e Ž$\OML/cmm/m/it/12 ^^L$|\C70/rm/m/it/12/30 ^^B| \C70
/rm/m/it/12/68 9 \C70/rm/bx/it/12/63 n$\OML/cmm/m/it/12 $\C70/rm/bx/it/12/4e ^
^M \C70/rm/m/it/12/7b I \C70/rm/bx/it/12/4e Ž$\OML/cmm/m/it/12 ^^L$|\C70/rm/m/i
t/12/ff ^^L| \C70/rm/m/it/12/90 £ \C70/rm/bx/it/12/4e H \C70/rm/m/it/12/53 ï \C
70/rm/bx/it/12/4e å \C70/rm/bx/it/12/67 	$\OML/cmm/m/it/12 $ $<$ $^^L$|\C70/rm
/m/it/12/30 ^^B| \C70/rm/m/it/12/68 9 \C70/rm/bx/it/12/63 n \C70/rm/bx/it/12/5b
 ž \C70/rm/bx/it/12/65 p \C70/rm/m/it/12/76 „ \C70/rm/m/it/12/7a   \C70/rm/bx/i
t/12/5b Æ \C70/rm/m/it/12/60 '|\C70/rm/m/it/12/ff ^^L| $\OML/cmm/m/it/12 $\C70
/rm/m/it/12/54 Œ$\OML/cmm/m/it/12 ^^L$\C70/rm/bx/it/12/4e K
 []

<resplit2.png, id=3218, 860.013pt x 426.393pt>
File: resplit2.png Graphic file (type png)
<use resplit2.png>
Package pdftex.def Info: resplit2.png  used on input line 146.
(pdftex.def)             Requested size: 390.0pt x 193.35849pt.

Overfull \hbox (12.00012pt too wide) in paragraph at lines 146--147
 [][] [] 
 []



[88]

[89 <./resplit2.png>]

[90]
Overfull \hbox (6.62685pt too wide) in paragraph at lines 230--231
 [][] \C70/rm/m/n/12/56 Þ \C70/rm/m/n/12/98 ~\OT1/cmr/m/n/12 0.99$[]$\C70/rm/m/
n/12/7b I \C70/rm/m/n/12/4e Ž\OT1/cmr/m/n/12 1|\C70/rm/m/n/12/30 ^^B| \OT1/cmr/
m/n/12 0.99$[]$\C70/rm/m/n/12/53 ï \C70/rm/m/n/12/4e å \C70/rm/m/n/12/75 ( \C70
/rm/m/n/12/65 à \C70/rm/m/n/12/96 P \C70/rm/m/n/12/5f ª \C70/rm/m/n/12/73 ¯ \C7
0/rm/m/n/12/5c ^^O \C70/rm/m/n/12/65 p \C70/rm/m/n/12/76 „ \C70/rm/m/n/12/5f b 
^^O \C70/rm/m/n/12/88 h \C70/rm/m/n/12/79 :|\C70/rm/m/n/12/ff ^^L| \C70/rm/m/n/
12/52 M \C70/rm/m/n/12/97 b \C70/rm/m/n/12/8f Ø \C70/rm/m/n/12/63 Ð \C70/rm/m/n
/12/52 0$[]$\C70/rm/m/n/12/53 ï
 []


Overfull \hbox (24.23839pt too wide) in paragraph at lines 244--245
\C70/rm/m/n/12/62 ^^Q \C70/rm/m/n/12/4e ì \C70/rm/m/n/12/5e ^^L \C70/rm/m/n/12/
67 ^^[ \C70/rm/m/n/12/62 Š \C70/rm/m/n/12/5e  \C70/rm/m/n/12/52 ^^W \C70/rm/m/
n/12/5f S \C70/rm/m/n/12/50 Z \C70/rm/m/n/12/4e ^^@ * \C70/rm/m/n/12/65 t \C70/
rm/m/n/12/4f S \C70/rm/m/n/12/77  \C70/rm/m/n/12/5f …|\C70/rm/m/n/12/ff ^^L| \
C70/rm/m/n/12/4f ‹ \C70/rm/m/n/12/59 ‚ \C70/rm/m/n/12/5e ^^L \C70/rm/m/n/12/67 
^^[ \C70/rm/bx/n/12/5e  \C70/rm/bx/n/12/52 ^^W[]\OT1/cmr/bx/n/12 4.20[]\C70/rm
/m/n/12/88 h \C70/rm/m/n/12/79 : \C70/rm/m/n/12/76 „ \C70/rm/m/n/12/66 /\OT1/cm
r/m/n/12 1|\C70/rm/m/n/12/ff ^^L| \C70/rm/m/n/12/78 n \C70/rm/m/n/12/5b ž\OT1/c
mr/m/n/12 0.99$[]$\C70/rm/m/n/12/7b I
 []


Overfull \hbox (4.80989pt too wide) in paragraph at lines 244--245
\C70/rm/m/n/12/4f ^^? \C70/rm/m/n/12/75 ($[] \OML/cmm/m/it/12 f\OT1/cmr/m/n/12 
(\OML/cmm/m/it/12 n\OT1/cmr/m/n/12 )$\C70/rm/m/n/12/88 h \C70/rm/m/n/12/79 :$\O
MS/cmsy/m/n/12 f\OML/cmm/m/it/12 f\OT1/cmr/m/n/12 (1)\OML/cmm/m/it/12 ; f\OT1/c
mr/m/n/12 (2)\OML/cmm/m/it/12 ; f\OT1/cmr/m/n/12 (3) [] \OMS/cmsy/m/n/12 g[]$|\
C70/rm/m/n/12/ff ^^L| $[]$\C70/rm/m/n/12/8f Ù \C70/rm/m/n/12/4e * \C70/rm/m/n/1
2/8f Ð \C70/rm/m/n/12/7b — & \C70/rm/m/n/12/53 ÷ \C70/rm/m/n/12/8b û \C70/rm/m/
n/12/4f \ |\C70/rm/m/n/12/20 ^^\|\C70/rm/m/n/12/67  \C70/rm/m/n/12/96 P|\C70/r
m/m/n/12/20 ^^]||\C70/rm/m/n/12/30 ^^B|
 []


Underfull \hbox (badness 10000) in paragraph at lines 244--245

 []



[91]

[92]

[93]

[94]
Overfull \hbox (5.79955pt too wide) in paragraph at lines 334--335
[]\C70/rm/bx/n/12/5b š \C70/rm/bx/n/12/4e I \OT1/cmr/bx/n/12 60. []\C70/rm/m/it
/12/82 å \C70/rm/bx/it/12/5b ù \C70/rm/bx/it/12/4e û \C70/rm/m/it/12/61 ^^O \C7
0/rm/bx/it/12/7e Ù \C70/rm/bx/it/12/5b š \C70/rm/m/it/12/76 „ \C70/rm/bx/it/12/
6b c \C70/rm/bx/it/12/5b ž \C70/rm/bx/it/12/65 p$\OML/cmm/m/it/12 ^^O$|\C70/rm/
m/it/12/ff ^^L| \C70/rm/m/it/12/60 ; \C70/rm/bx/it/12/5b X \C70/rm/m/it/12/57 (
 \C70/rm/bx/it/12/4e ^^@ * \C70/rm/bx/it/12/6b c \C70/rm/bx/it/12/65 t p\OT1/cm
r/m/it/12 N|\C70/rm/m/it/12/ff ^^L| \C70/rm/bx/it/12/4f ^^? \C70/rm/m/it/12/5f 
— S$\OML/cmm/m/it/12 i > N$\C70/rm/bx/it/12/4e ^^T$\OML/cmm/m/it/12 j >
 []


Overfull \hbox (4.09433pt too wide) in paragraph at lines 340--341
[]\C70/rm/bx/n/12/8b Á \C70/rm/bx/n/12/66 ^^N\OT1/cmr/bx/n/12 . []\C70/rm/m/it/
12/68 9 \C70/rm/bx/it/12/63 n \C70/rm/bx/it/12/5b ž \C70/rm/bx/it/12/65 p \C70/
rm/m/it/12/76 „ \C70/rm/m/it/12/56 Û \C70/rm/bx/it/12/52 ^^Y \C70/rm/m/it/12/8f
 Ð \C70/rm/m/it/12/7b —|\C70/rm/m/it/12/ff ^^L| \C70/rm/bx/it/12/4e û \C70/rm/m
/it/12/61 ^^O \C70/rm/m/it/12/76 „ \C70/rm/bx/it/12/4e ^^@ * \C70/rm/m/it/12/59
 ' \C70/rm/bx/it/12/4e Ž\OT1/cmr/m/it/12 0\C70/rm/m/it/12/76 „ \C70/rm/bx/it/12
/5b ž \C70/rm/bx/it/12/65 p$\OML/cmm/m/it/12 ^^O$|\C70/rm/m/it/12/ff ^^L| \C70/
rm/m/it/12/90 ý \C70/rm/bx/it/12/5b X \C70/rm/m/it/12/57 ( \C70/rm/bx/it/12/4e 
^^@ * \C70/rm/m/it/12/59 ' \C70/rm/bx/it/12/4e Ž\OT1/cmr/m/it/12 0\C70/rm/m/it/
12/76 „
 []



[95]

[96])

[97]
\openout2 = `./TeX_files/chapter05.aux'.

 (./TeX_files/chapter05.tex

[98




]
Chapter 5.
)

[99]
\openout2 = `./TeX_files/chapter06.aux'.

 (./TeX_files/chapter06.tex

[100




]
Chapter 6.
)

[101]

[102



] (./main.aux (./TeX_files/chapter00.aux) (./TeX_files/chapter01.aux)
(./TeX_files/chapter02.aux) (./TeX_files/chapter03.aux)
(./TeX_files/chapter04.aux) (./TeX_files/chapter05.aux)
(./TeX_files/chapter06.aux))
 ***********
LaTeX2e <2024-11-01> patch level 2
L3 programming layer <2022/07/14>
 ***********


LaTeX Warning: There were multiply-defined labels.

Package rerunfilecheck Info: File `main.out' has not changed.
(rerunfilecheck)             Checksum: 5078339359F9A938026B4577635FE274;3403.
 ) 
Here is how much of TeX's memory you used:
 37051 strings out of 473190
 703897 string characters out of 5712651
 1210307 words of memory out of 5000000
 58153 multiletter control sequences out of 15000+600000
 706068 words of font info for 579 fonts, out of 8000000 for 9000
 1141 hyphenation exceptions out of 8191
 102i,22n,106p,1538b,1236s stack positions out of 10000i,1000n,20000p,200000b,200000s
<c:/Windows/Fonts/simsun.ttc><c:/Windows/Fonts/simsun.ttc><c:/Windows/Fonts/s
imsun.ttc><c:/Windows/Fonts/simsun.ttc><c:/Windows/Fonts/simsun.ttc><c:/Windows
/Fonts/simkai.ttf><c:/Windows/Fonts/simsun.ttc><c:/Windows/Fonts/simsun.ttc><c:
/Windows/Fonts/simsun.ttc><c:/Windows/Fonts/simhei.ttf><c:/Windows/Fonts/simhei
.ttf><c:/Windows/Fonts/simkai.ttf><c:/Windows/Fonts/simsun.ttc><c:/Windows/Font
s/simhei.ttf><c:/Windows/Fonts/simkai.ttf><c:/Windows/Fonts/simkai.ttf><c:/Wind
ows/Fonts/simhei.ttf><c:/Windows/Fonts/simsun.ttc><c:/Windows/Fonts/simkai.ttf>
<c:/Windows/Fonts/simsun.ttc><c:/Windows/Fonts/simsun.ttc><c:/Windows/Fonts/sim
sun.ttc><c:/Windows/Fonts/simsun.ttc><c:/Windows/Fonts/simkai.ttf><c:/Windows/F
onts/simhei.ttf><c:/Windows/Fonts/simhei.ttf><c:/Windows/Fonts/simhei.ttf><c:/W
indows/Fonts/simhei.ttf><c:/Windows/Fonts/simhei.ttf><c:/Windows/Fonts/simhei.t
tf><c:/Windows/Fonts/simsun.ttc><c:/Windows/Fonts/simhei.ttf><c:/Windows/Fonts/
simhei.ttf><c:/Windows/Fonts/simhei.ttf><c:/Windows/Fonts/simhei.ttf><c:/Window
s/Fonts/simsun.ttc><c:/Windows/Fonts/simsun.ttc><c:/Windows/Fonts/simsun.ttc><c
:/Windows/Fonts/simsun.ttc><c:/Windows/Fonts/simkai.ttf><c:/Windows/Fonts/simhe
i.ttf><c:/Windows/Fonts/simsun.ttc><c:/Windows/Fonts/simhei.ttf><c:/Windows/Fon
ts/simsun.ttc><c:/Windows/Fonts/simsun.ttc><c:/Windows/Fonts/simkai.ttf><c:/Win
dows/Fonts/simkai.ttf><c:/Windows/Fonts/simkai.ttf><c:/Windows/Fonts/simkai.ttf
><c:/Windows/Fonts/simkai.ttf><c:/Windows/Fonts/simkai.ttf><c:/Windows/Fonts/si
mkai.ttf><c:/Windows/Fonts/simkai.ttf><c:/Windows/Fonts/simkai.ttf><c:/Windows/
Fonts/simkai.ttf><c:/Windows/Fonts/simkai.ttf><c:/Windows/Fonts/simkai.ttf><c:/
Windows/Fonts/simkai.ttf><c:/Windows/Fonts/simkai.ttf><c:/Windows/Fonts/simkai.
ttf><c:/Windows/Fonts/simkai.ttf><c:/Windows/Fonts/simkai.ttf><c:/Windows/Fonts
/simkai.ttf><c:/Windows/Fonts/simkai.ttf><c:/Windows/Fonts/simkai.ttf><c:/Windo
ws/Fonts/simkai.ttf><c:/Windows/Fonts/simsun.ttc><c:/Windows/Fonts/simsun.ttc><
c:/Windows/Fonts/simsun.ttc><c:/Windows/Fonts/simsun.ttc><c:/Windows/Fonts/sims
un.ttc><c:/Windows/Fonts/simsun.ttc><c:/Windows/Fonts/simhei.ttf><c:/Windows/Fo
nts/simhei.ttf><c:/Windows/Fonts/simhei.ttf><c:/Windows/Fonts/simhei.ttf><c:/Wi
ndows/Fonts/simhei.ttf><c:/Windows/Fonts/simhei.ttf><c:/Windows/Fonts/simsun.tt
c><c:/Windows/Fonts/simsun.ttc><c:/Windows/Fonts/simsun.ttc><c:/Windows/Fonts/s
imhei.ttf><c:/Windows/Fonts/simhei.ttf><c:/Windows/Fonts/simhei.ttf><c:/Windows
/Fonts/simkai.ttf><c:/Windows/Fonts/simkai.ttf><c:/Windows/Fonts/simkai.ttf><c:
/Windows/Fonts/simkai.ttf><c:/Windows/Fonts/simkai.ttf><c:/Windows/Fonts/simkai
.ttf><c:/Windows/Fonts/simkai.ttf><c:/Windows/Fonts/simkai.ttf><c:/Windows/Font
s/simkai.ttf><c:/Windows/Fonts/simkai.ttf><c:/Windows/Fonts/simkai.ttf><c:/Wind
ows/Fonts/simkai.ttf><c:/Windows/Fonts/simkai.ttf><c:/Windows/Fonts/simkai.ttf>
<c:/Windows/Fonts/simkai.ttf><c:/Windows/Fonts/simkai.ttf><c:/Windows/Fonts/sim
kai.ttf><c:/Windows/Fonts/simkai.ttf><c:/Windows/Fonts/simkai.ttf><c:/Windows/F
onts/simkai.ttf><c:/Windows/Fonts/simkai.ttf><c:/Windows/Fonts/simkai.ttf><c:/W
indows/Fonts/simkai.ttf><c:/Windows/Fonts/simkai.ttf><c:/Windows/Fonts/simkai.t
tf><c:/Windows/Fonts/simkai.ttf><c:/Windows/Fonts/simkai.ttf><c:/Windows/Fonts/
simkai.ttf><c:/Windows/Fonts/simkai.ttf><c:/Windows/Fonts/simkai.ttf><c:/Window
s/Fonts/simkai.ttf><c:/Windows/Fonts/simkai.ttf><c:/Windows/Fonts/simkai.ttf><c
:/Windows/Fonts/simkai.ttf><c:/Windows/Fonts/simkai.ttf><c:/Windows/Fonts/simka
i.ttf><c:/Windows/Fonts/simkai.ttf><c:/Windows/Fonts/simkai.ttf><c:/Windows/Fon
ts/simkai.ttf><c:/Windows/Fonts/simkai.ttf><c:/Windows/Fonts/simkai.ttf><c:/Win
dows/Fonts/simkai.ttf><c:/Windows/Fonts/simkai.ttf><c:/Windows/Fonts/simkai.ttf
><c:/Windows/Fonts/simkai.ttf><c:/Windows/Fonts/simkai.ttf><c:/Windows/Fonts/si
msun.ttc><c:/Windows/Fonts/simsun.ttc><c:/Windows/Fonts/simsun.ttc><c:/Windows/
Fonts/simsun.ttc><c:/Windows/Fonts/simsun.ttc><c:/Windows/Fonts/simsun.ttc><c:/
Windows/Fonts/simsun.ttc><c:/Windows/Fonts/simsun.ttc><c:/Windows/Fonts/simsun.
ttc><c:/Windows/Fonts/simsun.ttc><c:/Windows/Fonts/simsun.ttc><c:/Windows/Fonts
/simsun.ttc><c:/Windows/Fonts/simsun.ttc><c:/Windows/Fonts/simsun.ttc><c:/Windo
ws/Fonts/simsun.ttc><c:/Windows/Fonts/simsun.ttc><c:/Windows/Fonts/simsun.ttc><
c:/Windows/Fonts/simsun.ttc><c:/Windows/Fonts/simsun.ttc><c:/Windows/Fonts/sims
un.ttc><c:/Windows/Fonts/simsun.ttc><c:/Windows/Fonts/simsun.ttc><c:/Windows/Fo
nts/simsun.ttc><c:/Windows/Fonts/simsun.ttc><c:/Windows/Fonts/simsun.ttc><c:/Wi
ndows/Fonts/simsun.ttc><c:/Windows/Fonts/simsun.ttc><c:/Windows/Fonts/simsun.tt
c><c:/Windows/Fonts/simsun.ttc><c:/Windows/Fonts/simsun.ttc><c:/Windows/Fonts/s
imhei.ttf><c:/Windows/Fonts/simhei.ttf><c:/Windows/Fonts/simhei.ttf><c:/Windows
/Fonts/simhei.ttf><c:/Windows/Fonts/simhei.ttf><c:/Windows/Fonts/simhei.ttf><c:
/Windows/Fonts/simhei.ttf><c:/Windows/Fonts/simhei.ttf><c:/Windows/Fonts/simhei
.ttf><c:/Windows/Fonts/simsun.ttc><c:/Windows/Fonts/simsun.ttc><c:/Windows/Font
s/simsun.ttc><c:/Windows/Fonts/simsun.ttc><c:/Windows/Fonts/simsun.ttc><c:/Wind
ows/Fonts/simsun.ttc><c:/Windows/Fonts/simsun.ttc><c:/Windows/Fonts/simsun.ttc>
<c:/Windows/Fonts/simhei.ttf><c:/Windows/Fonts/simsun.ttc><c:/Windows/Fonts/sim
sun.ttc><c:/Windows/Fonts/simsun.ttc><c:/Windows/Fonts/simsun.ttc><c:/Windows/F
onts/simsun.ttc><c:/Windows/Fonts/simsun.ttc><c:/Windows/Fonts/simhei.ttf><c:/W
indows/Fonts/simhei.ttf><c:/Windows/Fonts/simhei.ttf><c:/Windows/Fonts/simhei.t
tf><c:/Windows/Fonts/simsun.ttc><c:/Windows/Fonts/simsun.ttc><c:/Windows/Fonts/
simsun.ttc><c:/Windows/Fonts/simsun.ttc><c:/Windows/Fonts/simsun.ttc><c:/Window
s/Fonts/simsun.ttc><c:/Windows/Fonts/simsun.ttc><c:/Windows/Fonts/simsun.ttc><c
:/Windows/Fonts/simsun.ttc><c:/Windows/Fonts/simsun.ttc><c:/Windows/Fonts/simsu
n.ttc><c:/Windows/Fonts/simsun.ttc><c:/Windows/Fonts/simsun.ttc><c:/Windows/Fon
ts/simsun.ttc><c:/Windows/Fonts/simsun.ttc><c:/Windows/Fonts/simsun.ttc><c:/Win
dows/Fonts/simsun.ttc><c:/Windows/Fonts/simsun.ttc><c:/Windows/Fonts/simhei.ttf
><c:/Windows/Fonts/simhei.ttf><c:/Windows/Fonts/simhei.ttf><c:/Windows/Fonts/si
mhei.ttf><c:/Windows/Fonts/simhei.ttf><c:/Windows/Fonts/simhei.ttf><c:/Windows/
Fonts/simhei.ttf><c:/Windows/Fonts/simsun.ttc><c:/Windows/Fonts/simsun.ttc><c:/
Windows/Fonts/simsun.ttc><c:/Windows/Fonts/simsun.ttc><c:/Windows/Fonts/simsun.
ttc><c:/Windows/Fonts/simsun.ttc><c:/Windows/Fonts/simsun.ttc><c:/Windows/Fonts
/simsun.ttc><c:/Windows/Fonts/simsun.ttc><c:/Windows/Fonts/simsun.ttc><c:/Windo
ws/Fonts/simsun.ttc><c:/Windows/Fonts/simsun.ttc><c:/Windows/Fonts/simsun.ttc><
c:/Windows/Fonts/simsun.ttc><d:/Program Files/texlive/2025/texmf-dist/fonts/typ
e1/public/amsfonts/cm/cmbx12.pfb><d:/Program Files/texlive/2025/texmf-dist/font
s/type1/public/amsfonts/cm/cmbxti10.pfb><d:/Program Files/texlive/2025/texmf-di
st/fonts/type1/public/amsfonts/cm/cmex10.pfb><d:/Program Files/texlive/2025/tex
mf-dist/fonts/type1/public/amsfonts/cm/cmmi12.pfb><d:/Program Files/texlive/202
5/texmf-dist/fonts/type1/public/amsfonts/cm/cmmi8.pfb><d:/Program Files/texlive
/2025/texmf-dist/fonts/type1/public/amsfonts/cm/cmr12.pfb><d:/Program Files/tex
live/2025/texmf-dist/fonts/type1/public/amsfonts/cm/cmr6.pfb><d:/Program Files/
texlive/2025/texmf-dist/fonts/type1/public/amsfonts/cm/cmr8.pfb><d:/Program Fil
es/texlive/2025/texmf-dist/fonts/type1/public/amsfonts/cm/cmsl12.pfb><d:/Progra
m Files/texlive/2025/texmf-dist/fonts/type1/public/amsfonts/cm/cmsy10.pfb><d:/P
rogram Files/texlive/2025/texmf-dist/fonts/type1/public/amsfonts/cm/cmsy8.pfb><
d:/Program Files/texlive/2025/texmf-dist/fonts/type1/public/amsfonts/cm/cmti12.
pfb><d:/Program Files/texlive/2025/texmf-dist/fonts/type1/public/amsfonts/cm/cm
tt10.pfb><d:/Program Files/texlive/2025/texmf-dist/fonts/type1/public/amsfonts/
latxfont/line10.pfb><d:/Program Files/texlive/2025/texmf-dist/fonts/type1/publi
c/amsfonts/symbols/msam10.pfb><d:/Program Files/texlive/2025/texmf-dist/fonts/t
ype1/public/amsfonts/symbols/msbm10.pfb><d:/Program Files/texlive/2025/texmf-di
st/fonts/type1/public/cm-super/sfrm1200.pfb>
Output written on main.pdf (108 pages, 9521286 bytes).
PDF statistics:
 4292 PDF objects out of 4296 (max. 8388607)
 2438 compressed objects within 25 object streams
 812 named destinations out of 1000 (max. 500000)
 648 words of extra memory for PDF output out of 10000 (max. 10000000)

